Using arch/arm64/configs/exynos9820-beyond0lte_defconfig as base
Merging kernel/configs/ts_config.conf
Value of CONFIG_SECURITY_DEFEX is redefined by fragment kernel/configs/ts_config.conf:
Previous value: CONFIG_SECURITY_DEFEX=y
New value: # CONFIG_SECURITY_DEFEX is not set

Value of CONFIG_PROCA is redefined by fragment kernel/configs/ts_config.conf:
Previous value: CONFIG_PROCA=y
New value: # CONFIG_PROCA is not set

Value of CONFIG_SECURITY_DSMS is redefined by fragment kernel/configs/ts_config.conf:
Previous value: CONFIG_SECURITY_DSMS=y
New value: # CONFIG_SECURITY_DSMS is not set

Value of CONFIG_KPERFMON is redefined by fragment kernel/configs/ts_config.conf:
Previous value: CONFIG_KPERFMON=y
New value: # CONFIG_KPERFMON is not set # CONFIG_KPERFMON is not set

Value of CONFIG_LOCALVERSION is redefined by fragment kernel/configs/ts_config.conf:
Previous value: CONFIG_LOCALVERSION=""
New value: CONFIG_LOCALVERSION="-$KERNEL_VERSION"

Value of CONFIG_LOCALVERSION_AUTO is redefined by fragment kernel/configs/ts_config.conf:
Previous value: CONFIG_LOCALVERSION_AUTO=y
New value: # CONFIG_LOCALVERSION_AUTO is not set

Value of CONFIG_CPU_FREQ_GOV_PERFORMANCE is redefined by fragment kernel/configs/ts_config.conf:
Previous value: CONFIG_CPU_FREQ_GOV_PERFORMANCE=y
New value: # CONFIG_CPU_FREQ_GOV_PERFORMANCE is not set # CONFIG_CPU_FREQ_GOV_PERFORMANCE is not set

Value of CONFIG_DTC is redefined by fragment kernel/configs/ts_config.conf:
Previous value: CONFIG_DTC=y
New value: # CONFIG_DTC is not set

Value of CONFIG_RD_BZIP2 is redefined by fragment kernel/configs/ts_config.conf:
Previous value: CONFIG_RD_BZIP2=y
New value: # CONFIG_RD_BZIP2 is not set

Value of CONFIG_RD_LZMA is redefined by fragment kernel/configs/ts_config.conf:
Previous value: CONFIG_RD_LZMA=y
New value: # CONFIG_RD_LZMA is not set

Value of CONFIG_RD_XZ is redefined by fragment kernel/configs/ts_config.conf:
Previous value: CONFIG_RD_XZ=y
New value: # CONFIG_RD_XZ is not set

Value of CONFIG_RD_LZO is redefined by fragment kernel/configs/ts_config.conf:
Previous value: CONFIG_RD_LZO=y
New value: # CONFIG_RD_LZO is not set

Value of CONFIG_RD_LZ4 is redefined by fragment kernel/configs/ts_config.conf:
Previous value: CONFIG_RD_LZ4=y
New value: # CONFIG_RD_LZ4 is not set

Value of CONFIG_CRAMFS is redefined by fragment kernel/configs/ts_config.conf:
Previous value: CONFIG_CRAMFS=y
New value: # CONFIG_CRAMFS is not set

Value of CONFIG_PGTABLE_MAPPING is redefined by fragment kernel/configs/ts_config.conf:
Previous value: CONFIG_PGTABLE_MAPPING=y
New value: # CONFIG_PGTABLE_MAPPING is not set # CONFIG_PGTABLE_MAPPING is not set

Value of CONFIG_EXYNOS_NPU_PUBLISH_NPU_BUILD_VER is redefined by fragment kernel/configs/ts_config.conf:
Previous value: CONFIG_EXYNOS_NPU_PUBLISH_NPU_BUILD_VER=y
New value: # CONFIG_EXYNOS_NPU_PUBLISH_NPU_BUILD_VER is not set

Value of CONFIG_VISION_UNITTEST is redefined by fragment kernel/configs/ts_config.conf:
Previous value: CONFIG_VISION_UNITTEST=y
New value: # CONFIG_VISION_UNITTEST is not set

Value of CONFIG_CRYPTO_TEST is redefined by fragment kernel/configs/ts_config.conf:
Previous value: CONFIG_CRYPTO_TEST=y
New value: # CONFIG_CRYPTO_TEST is not set

Value of CONFIG_MCPS_DEBUG is redefined by fragment kernel/configs/ts_config.conf:
Previous value: CONFIG_MCPS_DEBUG=y
New value: # CONFIG_MCPS_DEBUG is not set

Value of CONFIG_ARM_EXYNOS_DEVFREQ_DEBUG is redefined by fragment kernel/configs/ts_config.conf:
Previous value: CONFIG_ARM_EXYNOS_DEVFREQ_DEBUG=y
New value: # CONFIG_ARM_EXYNOS_DEVFREQ_DEBUG is not set

Value of CONFIG_ION_DEBUG_EVENT_RECORD is redefined by fragment kernel/configs/ts_config.conf:
Previous value: CONFIG_ION_DEBUG_EVENT_RECORD=y
New value: # CONFIG_ION_DEBUG_EVENT_RECORD is not set

Value of CONFIG_EXYNOS_DEBUG_TEST is redefined by fragment kernel/configs/ts_config.conf:
Previous value: CONFIG_EXYNOS_DEBUG_TEST=y
New value: # CONFIG_EXYNOS_DEBUG_TEST is not set

Value of CONFIG_HAVE_DEBUG_KMEMLEAK is redefined by fragment kernel/configs/ts_config.conf:
Previous value: CONFIG_HAVE_DEBUG_KMEMLEAK=y
New value: # CONFIG_HAVE_DEBUG_KMEMLEAK is not set

Value of CONFIG_PM_DEBUG is redefined by fragment kernel/configs/ts_config.conf:
Previous value: CONFIG_PM_DEBUG=y
New value: # CONFIG_PM_DEBUG is not set

Value of CONFIG_PM_SLEEP_DEBUG is redefined by fragment kernel/configs/ts_config.conf:
Previous value: CONFIG_PM_SLEEP_DEBUG=y
New value: # CONFIG_PM_SLEEP_DEBUG is not set

Value of CONFIG_DEBUG_ATOMIC_SLEEP is redefined by fragment kernel/configs/ts_config.conf:
Previous value: CONFIG_DEBUG_ATOMIC_SLEEP=y
New value: # CONFIG_DEBUG_ATOMIC_SLEEP is not set

Value of CONFIG_TOUCHSCREEN_DUMP_MODE is redefined by fragment kernel/configs/ts_config.conf:
Previous value: CONFIG_TOUCHSCREEN_DUMP_MODE=y
New value: # CONFIG_TOUCHSCREEN_DUMP_MODE is not set

Value of CONFIG_SLUB_DEBUG is redefined by fragment kernel/configs/ts_config.conf:
Previous value: CONFIG_SLUB_DEBUG=y
New value: # CONFIG_SLUB_DEBUG is not set

Value of CONFIG_CMA_DEBUGFS is redefined by fragment kernel/configs/ts_config.conf:
Previous value: CONFIG_CMA_DEBUGFS=y
New value: # CONFIG_CMA_DEBUGFS is not set

Value of CONFIG_CMUCAL_DEBUG is redefined by fragment kernel/configs/ts_config.conf:
Previous value: CONFIG_CMUCAL_DEBUG=y
New value: # CONFIG_CMUCAL_DEBUG is not set

Value of CONFIG_PHY_EXYNOS_DEBUGFS is redefined by fragment kernel/configs/ts_config.conf:
Previous value: CONFIG_PHY_EXYNOS_DEBUGFS=y
New value: # CONFIG_PHY_EXYNOS_DEBUGFS is not set

Value of CONFIG_PHY_EXYNOS_DP_DEBUGFS is redefined by fragment kernel/configs/ts_config.conf:
Previous value: CONFIG_PHY_EXYNOS_DP_DEBUGFS=y
New value: # CONFIG_PHY_EXYNOS_DP_DEBUGFS is not set

Value of CONFIG_HZ is redefined by fragment kernel/configs/ts_config.conf:
Previous value: CONFIG_HZ=250
New value: ## CONFIG_HZ=25 ## CONFIG_HZ=50 ## CONFIG_HZ=100 ## CONFIG_HZ=200 CONFIG_HZ=250 ## CONFIG_HZ=300 ## CONFIG_HZ=1000

Value of CONFIG_PM_WAKELOCKS_LIMIT is redefined by fragment kernel/configs/ts_config.conf:
Previous value: CONFIG_PM_WAKELOCKS_LIMIT=0
New value: CONFIG_PM_WAKELOCKS_LIMIT=150

Value of CONFIG_TCP_CONG_VEGAS is redefined by fragment kernel/configs/ts_config.conf:
Previous value: # CONFIG_TCP_CONG_VEGAS is not set
New value: CONFIG_TCP_CONG_VEGAS=y

Value of CONFIG_TCP_CONG_NV is redefined by fragment kernel/configs/ts_config.conf:
Previous value: # CONFIG_TCP_CONG_NV is not set
New value: CONFIG_TCP_CONG_NV=y

Value of CONFIG_TCP_CONG_SCALABLE is redefined by fragment kernel/configs/ts_config.conf:
Previous value: # CONFIG_TCP_CONG_SCALABLE is not set
New value: CONFIG_TCP_CONG_SCALABLE=y

Value of CONFIG_TCP_CONG_LP is redefined by fragment kernel/configs/ts_config.conf:
Previous value: # CONFIG_TCP_CONG_LP is not set
New value: CONFIG_TCP_CONG_LP=y

Value of CONFIG_TCP_CONG_VENO is redefined by fragment kernel/configs/ts_config.conf:
Previous value: # CONFIG_TCP_CONG_VENO is not set
New value: CONFIG_TCP_CONG_VENO=y

Value of CONFIG_TCP_CONG_YEAH is redefined by fragment kernel/configs/ts_config.conf:
Previous value: # CONFIG_TCP_CONG_YEAH is not set
New value: CONFIG_TCP_CONG_YEAH=y

Value of CONFIG_TCP_CONG_ILLINOIS is redefined by fragment kernel/configs/ts_config.conf:
Previous value: # CONFIG_TCP_CONG_ILLINOIS is not set
New value: CONFIG_TCP_CONG_ILLINOIS=y

Value of CONFIG_TCP_CONG_WESTWOOD is redefined by fragment kernel/configs/ts_config.conf:
Previous value: CONFIG_TCP_CONG_WESTWOOD=m
New value: CONFIG_TCP_CONG_WESTWOOD=y

Value of CONFIG_TCP_CONG_HTCP is redefined by fragment kernel/configs/ts_config.conf:
Previous value: CONFIG_TCP_CONG_HTCP=m
New value: CONFIG_TCP_CONG_HTCP=y

Value of CONFIG_TCP_CONG_BBR is redefined by fragment kernel/configs/ts_config.conf:
Previous value: # CONFIG_TCP_CONG_BBR is not set
New value: CONFIG_TCP_CONG_BBR=y

Value of CONFIG_CPU_FREQ_GOV_ONDEMAND is redefined by fragment kernel/configs/ts_config.conf:
Previous value: # CONFIG_CPU_FREQ_GOV_ONDEMAND is not set
New value: CONFIG_CPU_FREQ_GOV_ONDEMAND=y

Value of CONFIG_CPU_FREQ_DEFAULT_GOV_SCHEDUTIL is redefined by fragment kernel/configs/ts_config.conf:
Previous value: CONFIG_CPU_FREQ_DEFAULT_GOV_SCHEDUTIL=y
New value: # CONFIG_CPU_FREQ_DEFAULT_GOV_SCHEDUTIL is not set

Value of CONFIG_CPU_FREQ_GOV_SCHEDUTIL is redefined by fragment kernel/configs/ts_config.conf:
Previous value: CONFIG_CPU_FREQ_GOV_SCHEDUTIL=y
New value: # CONFIG_CPU_FREQ_GOV_SCHEDUTIL is not set

Value of CONFIG_IOSCHED_DEADLINE is redefined by fragment kernel/configs/ts_config.conf:
Previous value: # CONFIG_IOSCHED_DEADLINE is not set
New value: CONFIG_IOSCHED_DEADLINE=y

Value of CONFIG_USB_CONFIGFS_MASS_STORAGE is redefined by fragment kernel/configs/ts_config.conf:
Previous value: # CONFIG_USB_CONFIGFS_MASS_STORAGE is not set
New value: CONFIG_USB_CONFIGFS_MASS_STORAGE=y

Value of CONFIG_USB_OTG is redefined by fragment kernel/configs/ts_config.conf:
Previous value: # CONFIG_USB_OTG is not set
New value: CONFIG_USB_OTG=y

Value of CONFIG_INITRAMFS_SOURCE is redefined by fragment kernel/configs/ts_config.conf:
Previous value: CONFIG_INITRAMFS_SOURCE=""
New value: CONFIG_INITRAMFS_SOURCE="usr/magisk/initramfs_list"

Value of CONFIG_LOD_SEC is redefined by fragment kernel/configs/ts_config.conf:
Previous value: CONFIG_LOD_SEC=y
New value: # CONFIG_LOD_SEC is not set

Value of CONFIG_UH is redefined by fragment kernel/configs/ts_config.conf:
Previous value: CONFIG_UH=y
New value: # CONFIG_UH is not set

Value of CONFIG_UH_LKMAUTH is redefined by fragment kernel/configs/ts_config.conf:
Previous value: CONFIG_UH_LKMAUTH=y
New value: # CONFIG_UH_LKMAUTH is not set

Value of CONFIG_UH_LKM_BLOCK is redefined by fragment kernel/configs/ts_config.conf:
Previous value: CONFIG_UH_LKM_BLOCK=y
New value: # CONFIG_UH_LKM_BLOCK is not set

Value of CONFIG_RKP_CFP is redefined by fragment kernel/configs/ts_config.conf:
Previous value: CONFIG_RKP_CFP=y
New value: # CONFIG_RKP_CFP is not set

Value of CONFIG_RKP_CFP_JOPP is redefined by fragment kernel/configs/ts_config.conf:
Previous value: CONFIG_RKP_CFP_JOPP=y
New value: # CONFIG_RKP_CFP_JOPP is not set

Value of CONFIG_VFAT_FS is redefined by fragment kernel/configs/ts_config.conf:
Previous value: CONFIG_VFAT_FS=y
New value: # CONFIG_VFAT_FS is not set

Value of CONFIG_CC_OPTIMIZE_FOR_PERFORMANCE is redefined by fragment kernel/configs/ts_config.conf:
Previous value: CONFIG_CC_OPTIMIZE_FOR_PERFORMANCE=y
New value: # CONFIG_CC_OPTIMIZE_FOR_PERFORMANCE is not set

Value of CONFIG_CC_OPTIMIZE_FOR_SIZE is redefined by fragment kernel/configs/ts_config.conf:
Previous value: # CONFIG_CC_OPTIMIZE_FOR_SIZE is not set
New value: CONFIG_CC_OPTIMIZE_FOR_SIZE=y

Value of CONFIG_NETFILTER_XT_TARGET_HL is redefined by fragment kernel/configs/ts_config.conf:
Previous value: # CONFIG_NETFILTER_XT_TARGET_HL is not set
New value: CONFIG_NETFILTER_XT_TARGET_HL=y

Value of CONFIG_IP_NF_TARGET_TTL is redefined by fragment kernel/configs/ts_config.conf:
Previous value: # CONFIG_IP_NF_TARGET_TTL is not set
New value: CONFIG_IP_NF_TARGET_TTL=y

Value of CONFIG_IP6_NF_MATCH_HL is redefined by fragment kernel/configs/ts_config.conf:
Previous value: # CONFIG_IP6_NF_MATCH_HL is not set
New value: CONFIG_IP6_NF_MATCH_HL=y

Value of CONFIG_IP6_NF_TARGET_HL is redefined by fragment kernel/configs/ts_config.conf:
Previous value: # CONFIG_IP6_NF_TARGET_HL is not set
New value: CONFIG_IP6_NF_TARGET_HL=y

Value of CONFIG_NET_UDP_TUNNEL is redefined by fragment kernel/configs/ts_config.conf:
Previous value: # CONFIG_NET_UDP_TUNNEL is not set
New value: CONFIG_NET_UDP_TUNNEL=y

Value of CONFIG_SEC_DEBUG_TSP_LOG is redefined by fragment kernel/configs/ts_config.conf:
Previous value: CONFIG_SEC_DEBUG_TSP_LOG=y
New value: # CONFIG_SEC_DEBUG_TSP_LOG is not set

Value of CONFIG_NETWORK_FILESYSTEMS is redefined by fragment kernel/configs/ts_config.conf:
Previous value: CONFIG_NETWORK_FILESYSTEMS=y
New value: CONFIG_NETWORK_FILESYSTEMS=y CONFIG_NETWORK_FILESYSTEMS=y

Value of CONFIG_CIFS is redefined by fragment kernel/configs/ts_config.conf:
Previous value: # CONFIG_CIFS is not set
New value: CONFIG_CIFS=y

Value of CONFIG_CRYPTO_CCM is redefined by fragment kernel/configs/ts_config.conf:
Previous value: # CONFIG_CRYPTO_CCM is not set
New value: CONFIG_CRYPTO_CCM=y

Value of CONFIG_CRYPTO_MD4 is redefined by fragment kernel/configs/ts_config.conf:
Previous value: # CONFIG_CRYPTO_MD4 is not set
New value: CONFIG_CRYPTO_MD4=y

Value of CONFIG_NTFS_DEBUG is redefined by fragment kernel/configs/ts_config.conf:
Previous value: CONFIG_NTFS_DEBUG=y
New value: # CONFIG_NTFS_DEBUG is not set

Value of CONFIG_NTFS_RW is redefined by fragment kernel/configs/ts_config.conf:
Previous value: # CONFIG_NTFS_RW is not set
New value: CONFIG_NTFS_RW=y

Value of CONFIG_F2FS_SEC_BLOCK_OPERATIONS_DEBUG is redefined by fragment kernel/configs/ts_config.conf:
Previous value: CONFIG_F2FS_SEC_BLOCK_OPERATIONS_DEBUG=y
New value: # CONFIG_F2FS_SEC_BLOCK_OPERATIONS_DEBUG is not set

Value of CONFIG_BLOCK_SUPPORT_STLOG is redefined by fragment kernel/configs/ts_config.conf:
Previous value: CONFIG_BLOCK_SUPPORT_STLOG=y
New value: # CONFIG_BLOCK_SUPPORT_STLOG is not set

Value of CONFIG_CFS_BANDWIDTH is redefined by fragment kernel/configs/ts_config.conf:
Previous value: CONFIG_CFS_BANDWIDTH=y
New value: # CONFIG_CFS_BANDWIDTH is not set

Value of CONFIG_WQ_POWER_EFFICIENT_DEFAULT is redefined by fragment kernel/configs/ts_config.conf:
Previous value: # CONFIG_WQ_POWER_EFFICIENT_DEFAULT is not set
New value: CONFIG_WQ_POWER_EFFICIENT_DEFAULT=y

Value of CONFIG_ARCH_HAS_HOLES_MEMORYMODEL is redefined by fragment kernel/configs/ts_config.conf:
Previous value: CONFIG_ARCH_HAS_HOLES_MEMORYMODEL=y
New value: # CONFIG_ARCH_HAS_HOLES_MEMORYMODEL is not set

Value of CONFIG_SPARSEMEM_MANUAL is redefined by fragment kernel/configs/ts_config.conf:
Previous value: CONFIG_SPARSEMEM_MANUAL=y
New value: # CONFIG_SPARSEMEM_MANUAL is not set # CONFIG_SPARSEMEM_MANUAL is not set

Value of CONFIG_SPARSEMEM is redefined by fragment kernel/configs/ts_config.conf:
Previous value: CONFIG_SPARSEMEM=y
New value: # CONFIG_SPARSEMEM is not set

Value of CONFIG_HAVE_MEMORY_PRESENT is redefined by fragment kernel/configs/ts_config.conf:
Previous value: CONFIG_HAVE_MEMORY_PRESENT=y
New value: # CONFIG_HAVE_MEMORY_PRESENT is not set

Value of CONFIG_SPARSEMEM_EXTREME is redefined by fragment kernel/configs/ts_config.conf:
Previous value: CONFIG_SPARSEMEM_EXTREME=y
New value: # CONFIG_SPARSEMEM_EXTREME is not set

Value of CONFIG_SPARSEMEM_VMEMMAP is redefined by fragment kernel/configs/ts_config.conf:
Previous value: CONFIG_SPARSEMEM_VMEMMAP=y
New value: # CONFIG_SPARSEMEM_VMEMMAP is not set

Value of CONFIG_HAVE_ARCH_KASAN is redefined by fragment kernel/configs/ts_config.conf:
Previous value: CONFIG_HAVE_ARCH_KASAN=y
New value: # CONFIG_HAVE_ARCH_KASAN is not set

Value of CONFIG_USB_SERIAL_CONSOLE is redefined by fragment kernel/configs/ts_config.conf:
Previous value: # CONFIG_USB_SERIAL_CONSOLE is not set
New value: CONFIG_USB_SERIAL_CONSOLE=y

Value of CONFIG_USB_SERIAL_GENERIC is redefined by fragment kernel/configs/ts_config.conf:
Previous value: # CONFIG_USB_SERIAL_GENERIC is not set
New value: CONFIG_USB_SERIAL_GENERIC=y

Value of CONFIG_USB_SERIAL_CP210X is redefined by fragment kernel/configs/ts_config.conf:
Previous value: # CONFIG_USB_SERIAL_CP210X is not set
New value: CONFIG_USB_SERIAL_CP210X=y

Value of CONFIG_VIRTUALIZATION is redefined by fragment kernel/configs/ts_config.conf:
Previous value: # CONFIG_VIRTUALIZATION is not set
New value: CONFIG_VIRTUALIZATION=y

Value of CONFIG_ARM64_VHE is redefined by fragment kernel/configs/ts_config.conf:
Previous value: # CONFIG_ARM64_VHE is not set
New value: CONFIG_ARM64_VHE=y

Value of CONFIG_PARAVIRT is redefined by fragment kernel/configs/ts_config.conf:
Previous value: # CONFIG_PARAVIRT is not set
New value: CONFIG_PARAVIRT=y

Value of CONFIG_VIRTIO_PCI is redefined by fragment kernel/configs/ts_config.conf:
Previous value: # CONFIG_VIRTIO_PCI is not set
New value: CONFIG_VIRTIO_PCI=y

Value of CONFIG_NET_9P is redefined by fragment kernel/configs/ts_config.conf:
Previous value: # CONFIG_NET_9P is not set
New value: CONFIG_NET_9P=y

Value of CONFIG_BRIDGE is redefined by fragment kernel/configs/ts_config.conf:
Previous value: # CONFIG_BRIDGE is not set
New value: CONFIG_BRIDGE=y

Value of CONFIG_NETFILTER_XT_MATCH_ADDRTYPE is redefined by fragment kernel/configs/ts_config.conf:
Previous value: # CONFIG_NETFILTER_XT_MATCH_ADDRTYPE is not set
New value: CONFIG_NETFILTER_XT_MATCH_ADDRTYPE=y

Value of CONFIG_BLK_CGROUP is redefined by fragment kernel/configs/ts_config.conf:
Previous value: # CONFIG_BLK_CGROUP is not set
New value: CONFIG_BLK_CGROUP=y

Value of CONFIG_CGROUP_PERF is redefined by fragment kernel/configs/ts_config.conf:
Previous value: # CONFIG_CGROUP_PERF is not set
New value: CONFIG_CGROUP_PERF=y

Value of CONFIG_CGROUP_NET_PRIO is redefined by fragment kernel/configs/ts_config.conf:
Previous value: # CONFIG_CGROUP_NET_PRIO is not set
New value: CONFIG_CGROUP_NET_PRIO=y

Value of CONFIG_IP_VS is redefined by fragment kernel/configs/ts_config.conf:
Previous value: # CONFIG_IP_VS is not set
New value: CONFIG_IP_VS=y

Value of CONFIG_SECURITY_APPARMOR is redefined by fragment kernel/configs/ts_config.conf:
Previous value: # CONFIG_SECURITY_APPARMOR is not set
New value: CONFIG_SECURITY_APPARMOR=y

Value of CONFIG_EXT3_FS_POSIX_ACL is redefined by fragment kernel/configs/ts_config.conf:
Previous value: # CONFIG_EXT3_FS_POSIX_ACL is not set
New value: CONFIG_EXT3_FS_POSIX_ACL=y

Value of CONFIG_VXLAN is redefined by fragment kernel/configs/ts_config.conf:
Previous value: # CONFIG_VXLAN is not set
New value: CONFIG_VXLAN=y

Value of CONFIG_MACVLAN is redefined by fragment kernel/configs/ts_config.conf:
Previous value: # CONFIG_MACVLAN is not set
New value: CONFIG_MACVLAN=y

Value of CONFIG_DUMMY is redefined by fragment kernel/configs/ts_config.conf:
Previous value: # CONFIG_DUMMY is not set
New value: CONFIG_DUMMY=y

Value of CONFIG_OVERLAY_FS is redefined by fragment kernel/configs/ts_config.conf:
Previous value: # CONFIG_OVERLAY_FS is not set
New value: CONFIG_OVERLAY_FS=y

Merging kernel/configs/ts+magisk.conf
Merging kernel/configs/ts+dtb.conf
/bin/sh: 1: ./scripts/fetch-latest-wireguard.sh: Permission denied
/bin/sh: 1: ./scripts/fetch-latest-wireguard.sh: Permission denied
  HOSTCC  scripts/basic/fixdep
/bin/sh: 1: ./scripts/fetch-latest-wireguard.sh: Permission denied
  HOSTCC  scripts/kconfig/conf.o
  SHIPPED scripts/kconfig/zconf.tab.c
  SHIPPED scripts/kconfig/zconf.lex.c
  HOSTCC  scripts/kconfig/zconf.tab.o
  HOSTLD  scripts/kconfig/conf
scripts/kconfig/conf  --alldefconfig Kconfig
drivers/gpu/arm/bv_r33p0/Kconfig:374:warning: ignoring type redefinition of 'MALI_ARBITRATION' from 'boolean' to 'tristate'
./.tmp.config.CljADyquLQ:6386:warning: override: MALI_DDK_VALHALL_R36P0 changes choice state
./.tmp.config.CljADyquLQ:6450:warning: override: reassigning to symbol CPU_FREQ_GOV_PERFORMANCE
./.tmp.config.CljADyquLQ:6469:warning: override: reassigning to symbol CPU_FREQ_GOV_ALUCARDSCHED
./.tmp.config.CljADyquLQ:6534:warning: override: reassigning to symbol PGTABLE_MAPPING
./.tmp.config.CljADyquLQ:6566:warning: override: reassigning to symbol KPERFMON
./.tmp.config.CljADyquLQ:6612:warning: override: reassigning to symbol SPARSEMEM_MANUAL
./.tmp.config.CljADyquLQ:6674:warning: override: reassigning to symbol NETWORK_FILESYSTEMS
#
# configuration written to .config
#
Value requested for CONFIG_CGROUP_DEBUG not in final .config
Requested value:  CONFIG_CGROUP_DEBUG=y
## CONFIG_CGROUP_DEBUG is not set
Actual value:     CONFIG_CGROUP_DEBUG=y

Value requested for CONFIG_SLABINFO not in final .config
Requested value:  CONFIG_SLABINFO=y
Actual value:     

Value requested for CONFIG_MQ_IOSCHED_DEADLINE not in final .config
Requested value:  CONFIG_MQ_IOSCHED_DEADLINE=y
CONFIG_MQ_IOSCHED_DEADLINE =y
Actual value:     CONFIG_MQ_IOSCHED_DEADLINE=y

Value requested for CONFIG_UH_DEBUG not in final .config
Requested value:  # CONFIG_UH_DEBUG is not set
Actual value:     

Value requested for CONFIG_UH_RKP not in final .config
Requested value:  CONFIG_UH_RKP=y
Actual value:     

Value requested for CONFIG_RKP_KDP not in final .config
Requested value:  CONFIG_RKP_KDP=y
Actual value:     

Value requested for CONFIG_RKP_NS_PROT not in final .config
Requested value:  CONFIG_RKP_NS_PROT=y
Actual value:     

Value requested for CONFIG_RKP_DMAP_PROT not in final .config
Requested value:  CONFIG_RKP_DMAP_PROT=y
Actual value:     

Value requested for CONFIG_UH_RKP_FIMC_CHECK not in final .config
Requested value:  # CONFIG_UH_RKP_FIMC_CHECK is not set
Actual value:     

Value requested for CONFIG_RKP_CFP_JOPP_MAGIC not in final .config
Requested value:  CONFIG_RKP_CFP_JOPP_MAGIC=0x00be7bad
Actual value:     

Value requested for CONFIG_RKP_CFP_TEST not in final .config
Requested value:  # CONFIG_RKP_CFP_TEST is not set
Actual value:     

Value requested for CONFIG_PM_ADVANCED_DEBUG not in final .config
Requested value:  # CONFIG_PM_ADVANCED_DEBUG is not set
Actual value:     

Value requested for CONFIG_PM_TEST_SUSPEND not in final .config
Requested value:  # CONFIG_PM_TEST_SUSPEND is not set
Actual value:     

Value requested for CONFIG_DPM_WATCHDOG not in final .config
Requested value:  # CONFIG_DPM_WATCHDOG is not set
Actual value:     

Value requested for CONFIG_TCP_CONG_LIA not in final .config
Requested value:  CONFIG_TCP_CONG_LIA=y
Actual value:     

Value requested for CONFIG_TCP_CONG_OLIA not in final .config
Requested value:  CONFIG_TCP_CONG_OLIA=y
Actual value:     

Value requested for CONFIG_TCP_CONG_WVEGAS not in final .config
Requested value:  CONFIG_TCP_CONG_WVEGAS=y
Actual value:     

Value requested for CONFIG_TCP_CONG_BALIA not in final .config
Requested value:  # CONFIG_TCP_CONG_BALIA is not set
Actual value:     

Value requested for CONFIG_DEFAULT_LIA not in final .config
Requested value:  # CONFIG_DEFAULT_LIA is not set
Actual value:     

Value requested for CONFIG_DEFAULT_OLIA not in final .config
Requested value:  # CONFIG_DEFAULT_OLIA is not set
Actual value:     

Value requested for CONFIG_DEFAULT_WVEGAS not in final .config
Requested value:  # CONFIG_DEFAULT_WVEGAS is not set
Actual value:     

Value requested for CONFIG_SERIAL_8250 not in final .config
Requested value:  # CONFIG_SERIAL_8250 is not set
## CONFIG_SERIAL_8250=y
Actual value:     # CONFIG_SERIAL_8250 is not set

Value requested for CONFIG_EXYRNG_FIPS_COMPLIANCE not in final .config
Requested value:  CONFIG_EXYRNG_FIPS_COMPLIANCE=y
## CONFIG_EXYRNG_FIPS_COMPLIANCE is not set
Actual value:     CONFIG_EXYRNG_FIPS_COMPLIANCE=y

Value requested for CONFIG_EXYRNG_FAIL_POLICY_RESET not in final .config
Requested value:  CONFIG_EXYRNG_FAIL_POLICY_RESET=y
## CONFIG_EXYRNG_FAIL_POLICY_RESET is not set
Actual value:     CONFIG_EXYRNG_FAIL_POLICY_RESET=y

Value requested for CONFIG_MALI_BIFROST_R32P1 not in final .config
Requested value:  CONFIG_MALI_BIFROST_R32P1=y
Actual value:     # CONFIG_MALI_BIFROST_R32P1 is not set

Value requested for CONFIG_USB_RIO500 not in final .config
Requested value:  # CONFIG_USB_RIO500 is not set
Actual value:     

Value requested for CONFIG_MMC_DW_DEBUG not in final .config
Requested value:  CONFIG_MMC_DW_DEBUG=y
## CONFIG_MMC_DW_DEBUG is not set
Actual value:     CONFIG_MMC_DW_DEBUG=y

Value requested for CONFIG_LEDS_KTD2692 not in final .config
Requested value:  # CONFIG_LEDS_KTD2692 is not set
Actual value:     

Value requested for CONFIG_SAMSUNG_LMKD_DEBUG not in final .config
Requested value:  CONFIG_SAMSUNG_LMKD_DEBUG=y
## CONFIG_SAMSUNG_LMKD_DEBUG is not set
Actual value:     CONFIG_SAMSUNG_LMKD_DEBUG=y

Value requested for CONFIG_FAT_DEFAULT_IOCHARSET not in final .config
Requested value:  CONFIG_FAT_DEFAULT_IOCHARSET="iso8859-1"
Actual value:     

Value requested for CONFIG_FAT_DEFAULT_UTF8 not in final .config
Requested value:  # CONFIG_FAT_DEFAULT_UTF8 is not set
Actual value:     

Value requested for CONFIG_SLUB_DEBUG_ON not in final .config
Requested value:  # CONFIG_SLUB_DEBUG_ON is not set
Actual value:     

Value requested for CONFIG_SCHED_DEBUG not in final .config
Requested value:  CONFIG_SCHED_DEBUG=y
## CONFIG_SCHED_DEBUG is not set
Actual value:     CONFIG_SCHED_DEBUG=y

Value requested for CONFIG_SECURITYFS not in final .config
Requested value:  # CONFIG_SECURITYFS is not set
Actual value:     CONFIG_SECURITYFS=y

Value requested for CONFIG_SECURITY_PATH not in final .config
Requested value:  # CONFIG_SECURITY_PATH is not set
Actual value:     CONFIG_SECURITY_PATH=y

Value requested for CONFIG_DEFEX_KERNEL_ONLY not in final .config
Requested value:  # CONFIG_DEFEX_KERNEL_ONLY is not set
Actual value:     

Value requested for CONFIG_PROCA_GKI_10 not in final .config
Requested value:  # CONFIG_PROCA_GKI_10 is not set
Actual value:     

Value requested for CONFIG_PROCA_S_OS not in final .config
Requested value:  CONFIG_PROCA_S_OS=y
Actual value:     

Value requested for CONFIG_CRYPTO_FIPS not in final .config
Requested value:  CONFIG_CRYPTO_FIPS=y
## CONFIG_CRYPTO_FIPS is not set
Actual value:     CONFIG_CRYPTO_FIPS=y

Value requested for CONFIG_DECOMPRESS_BZIP2 not in final .config
Requested value:  CONFIG_DECOMPRESS_BZIP2=y
Actual value:     

Value requested for CONFIG_DECOMPRESS_LZMA not in final .config
Requested value:  CONFIG_DECOMPRESS_LZMA=y
Actual value:     

Value requested for CONFIG_DECOMPRESS_XZ not in final .config
Requested value:  CONFIG_DECOMPRESS_XZ=y
Actual value:     

Value requested for CONFIG_DECOMPRESS_LZO not in final .config
Requested value:  CONFIG_DECOMPRESS_LZO=y
Actual value:     

Value requested for CONFIG_DECOMPRESS_LZ4 not in final .config
Requested value:  CONFIG_DECOMPRESS_LZ4=y
Actual value:     

Value requested for CONFIG_KPERFMON not in final .config
Requested value:  # CONFIG_KPERFMON is not set
# CONFIG_KPERFMON is not set
Actual value:     # CONFIG_KPERFMON is not set

Value requested for CONFIG_CPU_FREQ_GOV_PERFORMANCE not in final .config
Requested value:  # CONFIG_CPU_FREQ_GOV_PERFORMANCE is not set
# CONFIG_CPU_FREQ_GOV_PERFORMANCE is not set
Actual value:     # CONFIG_CPU_FREQ_GOV_PERFORMANCE is not set

Value requested for CONFIG_PGTABLE_MAPPING not in final .config
Requested value:  # CONFIG_PGTABLE_MAPPING is not set
# CONFIG_PGTABLE_MAPPING is not set
Actual value:     # CONFIG_PGTABLE_MAPPING is not set

Value requested for CONFIG_EXYNOS_SNAPSHOT_DM not in final .config
Requested value:  # CONFIG_EXYNOS_SNAPSHOT_DM is not set
Actual value:     

Value requested for CONFIG_HAVE_DEBUG_KMEMLEAK not in final .config
Requested value:  # CONFIG_HAVE_DEBUG_KMEMLEAK is not set
Actual value:     CONFIG_HAVE_DEBUG_KMEMLEAK=y

Value requested for CONFIG_PM_SLEEP_DEBUG not in final .config
Requested value:  # CONFIG_PM_SLEEP_DEBUG is not set
Actual value:     

Value requested for CONFIG_PHY_EXYNOS_DP_DEBUGFS not in final .config
Requested value:  # CONFIG_PHY_EXYNOS_DP_DEBUGFS is not set
Actual value:     

Value requested for CONFIG_MALI_VALHALL_R17P0 not in final .config
Requested value:  # CONFIG_MALI_VALHALL_R17P0 is not set
Actual value:     

Value requested for CONFIG_MALI_VALHALL_R19P0 not in final .config
Requested value:  # CONFIG_MALI_VALHALL_R19P0 is not set
Actual value:     

Value requested for CONFIG_MALI_VALHALL_R20P0 not in final .config
Requested value:  # CONFIG_MALI_VALHALL_R20P0 is not set
Actual value:     

Value requested for CONFIG_MALI_VALHALL_R25P1 not in final .config
Requested value:  # CONFIG_MALI_VALHALL_R25P1 is not set
Actual value:     

Value requested for CONFIG_MALI_DDK_VALHALL_R32P1 not in final .config
Requested value:  # CONFIG_MALI_DDK_VALHALL_R32P1 is not set
Actual value:     

Value requested for CONFIG_HZ not in final .config
Requested value:  ## CONFIG_HZ=25
## CONFIG_HZ=50
## CONFIG_HZ=100
## CONFIG_HZ=200
CONFIG_HZ=250
## CONFIG_HZ=300
## CONFIG_HZ=1000
Actual value:     CONFIG_HZ=250

Value requested for CONFIG_CPU_FREQ_GOV_PERFORMANCE not in final .config
Requested value:  # CONFIG_CPU_FREQ_GOV_PERFORMANCE is not set
# CONFIG_CPU_FREQ_GOV_PERFORMANCE is not set
Actual value:     # CONFIG_CPU_FREQ_GOV_PERFORMANCE is not set

Value requested for CONFIG_CPU_FREQ_GOV_ALUCARDSCHED not in final .config
Requested value:  # CONFIG_CPU_FREQ_GOV_ALUCARDSCHED is not set
# CONFIG_CPU_FREQ_GOV_ALUCARDSCHED is not set
Actual value:     # CONFIG_CPU_FREQ_GOV_ALUCARDSCHED is not set

Value requested for CONFIG_CPU_FREQ_GOV_ALUCARDSCHED not in final .config
Requested value:  # CONFIG_CPU_FREQ_GOV_ALUCARDSCHED is not set
# CONFIG_CPU_FREQ_GOV_ALUCARDSCHED is not set
Actual value:     # CONFIG_CPU_FREQ_GOV_ALUCARDSCHED is not set

Value requested for CONFIG_COMPAT_VDSO not in final .config
Requested value:  CONFIG_COMPAT_VDSO=y
Actual value:     

Value requested for CONFIG_PGTABLE_MAPPING not in final .config
Requested value:  # CONFIG_PGTABLE_MAPPING is not set
# CONFIG_PGTABLE_MAPPING is not set
Actual value:     # CONFIG_PGTABLE_MAPPING is not set

Value requested for CONFIG_NETWORK_FILESYSTEMS not in final .config
Requested value:  CONFIG_NETWORK_FILESYSTEMS=y
CONFIG_NETWORK_FILESYSTEMS=y
Actual value:     CONFIG_NETWORK_FILESYSTEMS=y

Value requested for CONFIG_CIFS_DEBUG2 not in final .config
Requested value:  # CONFIG_CIFS_DEBUG2 is not set
Actual value:     

Value requested for CONFIG_CIFS_DEBUG_DUMP_KEYS not in final .config
Requested value:  # CONFIG_CIFS_DEBUG_DUMP_KEYS is not set
Actual value:     

Value requested for CONFIG_KPERFMON not in final .config
Requested value:  # CONFIG_KPERFMON is not set
# CONFIG_KPERFMON is not set
Actual value:     # CONFIG_KPERFMON is not set

Value requested for CONFIG_ARCH_HAS_HOLES_MEMORYMODEL not in final .config
Requested value:  # CONFIG_ARCH_HAS_HOLES_MEMORYMODEL is not set
Actual value:     

Value requested for CONFIG_SPARSEMEM_MANUAL not in final .config
Requested value:  # CONFIG_SPARSEMEM_MANUAL is not set
# CONFIG_SPARSEMEM_MANUAL is not set
Actual value:     # CONFIG_SPARSEMEM_MANUAL is not set

Value requested for CONFIG_SPARSEMEM not in final .config
Requested value:  # CONFIG_SPARSEMEM is not set
Actual value:     

Value requested for CONFIG_HAVE_MEMORY_PRESENT not in final .config
Requested value:  # CONFIG_HAVE_MEMORY_PRESENT is not set
Actual value:     

Value requested for CONFIG_SPARSEMEM_EXTREME not in final .config
Requested value:  # CONFIG_SPARSEMEM_EXTREME is not set
Actual value:     

Value requested for CONFIG_SPARSEMEM_VMEMMAP not in final .config
Requested value:  # CONFIG_SPARSEMEM_VMEMMAP is not set
Actual value:     

Value requested for CONFIG_HAVE_ARCH_KASAN not in final .config
Requested value:  # CONFIG_HAVE_ARCH_KASAN is not set
Actual value:     

Value requested for CONFIG_KASAN not in final .config
Requested value:  # CONFIG_KASAN is not set
Actual value:     

Value requested for CONFIG_SPARSEMEM_MANUAL not in final .config
Requested value:  # CONFIG_SPARSEMEM_MANUAL is not set
# CONFIG_SPARSEMEM_MANUAL is not set
Actual value:     # CONFIG_SPARSEMEM_MANUAL is not set

Value requested for CONFIG_HAVE_KVM_IRQ_BYPASS not in final .config
Requested value:  CONFIG_HAVE_KVM_IRQ_BYPASS=y
Actual value:     

Value requested for CONFIG_KVM_GUEST not in final .config
Requested value:  CONFIG_KVM_GUEST=y
Actual value:     

Value requested for CONFIG_KVM_DEBUG_FS not in final .config
Requested value:  CONFIG_KVM_DEBUG_FS=y
Actual value:     

Value requested for CONFIG_NETWORK_FILESYSTEMS not in final .config
Requested value:  CONFIG_NETWORK_FILESYSTEMS=y
CONFIG_NETWORK_FILESYSTEMS=y
Actual value:     CONFIG_NETWORK_FILESYSTEMS=y

Value requested for CONFIG_HYPERVISOR_GUEST not in final .config
Requested value:  CONFIG_HYPERVISOR_GUEST=y
Actual value:     

Value requested for CONFIG_DRM_VIRTIO_GPU not in final .config
Requested value:  CONFIG_DRM_VIRTIO_GPU=y
Actual value:     

Value requested for CONFIG_CGROUP_HUGETLB not in final .config
Requested value:  CONFIG_CGROUP_HUGETLB=y
Actual value:     

Value requested for CONFIG_EXT3_FS_XATTR not in final .config
Requested value:  CONFIG_EXT3_FS_XATTR=y
Actual value:     

Value requested for CONFIG_BRIDGE_VLAN_FILTERING not in final .config
Requested value:  CONFIG_BRIDGE_VLAN_FILTERING=y
Actual value:     

Value requested for CONFIG_IPVLAN not in final .config
Requested value:  CONFIG_IPVLAN=y
Actual value:     

Value requested for CONFIG_GPU_REG_VOLTAGE not in final .config
Requested value:  # CONFIG_GPU_REG_VOLTAGE is not set
Actual value:     

Value requested for CONFIG_INITRAMFS_COMPRESSION_BZIP2 not in final .config
Requested value:  # CONFIG_INITRAMFS_COMPRESSION_BZIP2 is not set
Actual value:     

Value requested for CONFIG_INITRAMFS_COMPRESSION_LZMA not in final .config
Requested value:  # CONFIG_INITRAMFS_COMPRESSION_LZMA is not set
Actual value:     

Value requested for CONFIG_INITRAMFS_COMPRESSION_XZ not in final .config
Requested value:  # CONFIG_INITRAMFS_COMPRESSION_XZ is not set
Actual value:     

Value requested for CONFIG_INITRAMFS_COMPRESSION_LZO not in final .config
Requested value:  # CONFIG_INITRAMFS_COMPRESSION_LZO is not set
Actual value:     

Value requested for CONFIG_INITRAMFS_COMPRESSION_LZ4 not in final .config
Requested value:  # CONFIG_INITRAMFS_COMPRESSION_LZ4 is not set
Actual value:     

Updating Magisk from none to v25.2
Archive:  /home/nalas/kernel/github/S10-TS/usr/magisk/magisk.zip
version=25.2
versionCode=25200
caution: filename not matched:  arm/magiskinit64
Archive:  /home/nalas/kernel/github/S10-TS/usr/magisk/magisk.zip
version=25.2
versionCode=25200
  inflating: /home/nalas/kernel/github/S10-TS/usr/magisk/lib/armeabi-v7a/libmagisk32.so  
  inflating: /home/nalas/kernel/github/S10-TS/usr/magisk/lib/armeabi-v7a/libmagiskinit.so  
caution: filename not matched:  lib/armeabi-v7a/libmagisk64.so
Archive:  /home/nalas/kernel/github/S10-TS/usr/magisk/magisk.zip
version=25.2
versionCode=25200
  inflating: /home/nalas/kernel/github/S10-TS/usr/magisk/lib/arm64-v8a/libmagisk64.so  
  inflating: /home/nalas/kernel/github/S10-TS/usr/magisk/lib/arm64-v8a/libmagiskinit.so  
  inflating: /home/nalas/kernel/github/S10-TS/usr/magisk/lib/armeabi-v7a/libmagisk32.so  
/bin/sh: 1: ./scripts/fetch-latest-wireguard.sh: Permission denied
make: /home/nalas/kernel/github/S10-TS/toolchain/clang-14/host/linux-x86/clang-r437112b/bin/clang: Polecenie nie znalezione
make: /home/nalas/kernel/github/S10-TS/toolchain/clang-14/host/linux-x86/clang-r437112b/bin/clang: Polecenie nie znalezione
/bin/sh: 1: ./scripts/fetch-latest-wireguard.sh: Permission denied
/bin/sh: 1: ./scripts/fetch-latest-wireguard.sh: Permission denied
/bin/sh: 1: ./scripts/fetch-latest-wireguard.sh: Permission denied
scripts/kconfig/conf  --silentoldconfig Kconfig
drivers/gpu/arm/bv_r33p0/Kconfig:374:warning: ignoring type redefinition of 'MALI_ARBITRATION' from 'boolean' to 'tristate'
#
# configuration written to .config
#
/bin/sh: 1: ./scripts/fetch-latest-wireguard.sh: Permission denied
arch/arm64/Makefile:27: ld does not support --fix-cortex-a53-843419; kernel may be susceptible to erratum
arch/arm64/Makefile:55: LSE atomics not supported by binutils
arch/arm64/Makefile:63: Detected assembler with broken .inst; disassembly will be unreliable
make: /home/nalas/kernel/github/S10-TS/toolchain/clang-14/host/linux-x86/clang-r437112b/bin/clang: Polecenie nie znalezione
make: /home/nalas/kernel/github/S10-TS/toolchain/clang-14/host/linux-x86/clang-r437112b/bin/clang: Polecenie nie znalezione
  CHK     include/config/kernel.release
make: /home/nalas/kernel/github/S10-TS/toolchain/clang-14/host/linux-x86/clang-r437112b/bin/clang: Polecenie nie znalezione
Cannot use CONFIG_CC_STACKPROTECTOR_STRONG: -fstack-protector-strong not supported by compiler
make: *** [Makefile:1409: prepare-compiler-check] Błąd 1
make: *** Oczekiwanie na niezakończone zadania....
  UPD     include/config/kernel.release
Name: ThundeRStormS-Kernel-HVE1-OneUI-S-G970F-v4.3
Model: G970F
Configuration:
	magisk (default: On)
	dtb (default: On)
OS Patch Level: 2022-01
ARCH = arm64
ANDROID_MAJOR_VERSION = r
Toolchain: clang-14
Build date: 2022-08-16 06:47 UTC
Name: ThundeRStormS-Kernel-HVE1-OneUI-S-G970F-v4.3
Model: G970F
Configuration:
	magisk (default: On)
	dtb (default: On)
OS Patch Level: 2022-01
ARCH = arm64
ANDROID_MAJOR_VERSION = r
Magisk Version: v25.2
Traceback (most recent call last):
  File "./build", line 627, in <module>
    build(compiler, objtree)
  File "./build", line 446, in build
    run(['make',
  File "/usr/lib/python3.8/subprocess.py", line 516, in run
    raise CalledProcessError(retcode, process.args,
subprocess.CalledProcessError: Command '['make', '-j', '12', 'CROSS_COMPILE=/home/nalas/kernel/github/S10-TS/toolchain/samsung/gcc-cfp/gcc-cfp-jopp-only/aarch64-linux-android-4.9/bin/aarch64-linux-android-', 'CLANG_TRIPLE=/home/nalas/kernel/github/S10-TS/toolchain/clang-14/clang/host/linux-x86/clang-r437112b/bin/aarch64-linux-gnu-', 'CC=/home/nalas/kernel/github/S10-TS/toolchain/clang-14/host/linux-x86/clang-r437112b/bin/clang']' returned non-zero exit status 2.
Start compile time is 08:46:52
End compile time is 08:47:11

Your flasheable release can be found in the builds folder with name :
ThundeRStormS-Kernel-HVE1-OneUI-S-G970F-v4.3-2022-08-16.img

Using arch/arm64/configs/exynos9820-beyond1lte_defconfig as base
Merging kernel/configs/ts_config.conf
Value of CONFIG_SECURITY_DEFEX is redefined by fragment kernel/configs/ts_config.conf:
Previous value: CONFIG_SECURITY_DEFEX=y
New value: # CONFIG_SECURITY_DEFEX is not set

Value of CONFIG_PROCA is redefined by fragment kernel/configs/ts_config.conf:
Previous value: CONFIG_PROCA=y
New value: # CONFIG_PROCA is not set

Value of CONFIG_SECURITY_DSMS is redefined by fragment kernel/configs/ts_config.conf:
Previous value: CONFIG_SECURITY_DSMS=y
New value: # CONFIG_SECURITY_DSMS is not set

Value of CONFIG_KPERFMON is redefined by fragment kernel/configs/ts_config.conf:
Previous value: CONFIG_KPERFMON=y
New value: # CONFIG_KPERFMON is not set # CONFIG_KPERFMON is not set

Value of CONFIG_LOCALVERSION is redefined by fragment kernel/configs/ts_config.conf:
Previous value: CONFIG_LOCALVERSION=""
New value: CONFIG_LOCALVERSION="-$KERNEL_VERSION"

Value of CONFIG_LOCALVERSION_AUTO is redefined by fragment kernel/configs/ts_config.conf:
Previous value: CONFIG_LOCALVERSION_AUTO=y
New value: # CONFIG_LOCALVERSION_AUTO is not set

Value of CONFIG_CPU_FREQ_GOV_PERFORMANCE is redefined by fragment kernel/configs/ts_config.conf:
Previous value: CONFIG_CPU_FREQ_GOV_PERFORMANCE=y
New value: # CONFIG_CPU_FREQ_GOV_PERFORMANCE is not set # CONFIG_CPU_FREQ_GOV_PERFORMANCE is not set

Value of CONFIG_DTC is redefined by fragment kernel/configs/ts_config.conf:
Previous value: CONFIG_DTC=y
New value: # CONFIG_DTC is not set

Value of CONFIG_RD_BZIP2 is redefined by fragment kernel/configs/ts_config.conf:
Previous value: CONFIG_RD_BZIP2=y
New value: # CONFIG_RD_BZIP2 is not set

Value of CONFIG_RD_LZMA is redefined by fragment kernel/configs/ts_config.conf:
Previous value: CONFIG_RD_LZMA=y
New value: # CONFIG_RD_LZMA is not set

Value of CONFIG_RD_XZ is redefined by fragment kernel/configs/ts_config.conf:
Previous value: CONFIG_RD_XZ=y
New value: # CONFIG_RD_XZ is not set

Value of CONFIG_RD_LZO is redefined by fragment kernel/configs/ts_config.conf:
Previous value: CONFIG_RD_LZO=y
New value: # CONFIG_RD_LZO is not set

Value of CONFIG_RD_LZ4 is redefined by fragment kernel/configs/ts_config.conf:
Previous value: CONFIG_RD_LZ4=y
New value: # CONFIG_RD_LZ4 is not set

Value of CONFIG_CRAMFS is redefined by fragment kernel/configs/ts_config.conf:
Previous value: CONFIG_CRAMFS=y
New value: # CONFIG_CRAMFS is not set

Value of CONFIG_PGTABLE_MAPPING is redefined by fragment kernel/configs/ts_config.conf:
Previous value: CONFIG_PGTABLE_MAPPING=y
New value: # CONFIG_PGTABLE_MAPPING is not set # CONFIG_PGTABLE_MAPPING is not set

Value of CONFIG_EXYNOS_NPU_PUBLISH_NPU_BUILD_VER is redefined by fragment kernel/configs/ts_config.conf:
Previous value: CONFIG_EXYNOS_NPU_PUBLISH_NPU_BUILD_VER=y
New value: # CONFIG_EXYNOS_NPU_PUBLISH_NPU_BUILD_VER is not set

Value of CONFIG_VISION_UNITTEST is redefined by fragment kernel/configs/ts_config.conf:
Previous value: CONFIG_VISION_UNITTEST=y
New value: # CONFIG_VISION_UNITTEST is not set

Value of CONFIG_CRYPTO_TEST is redefined by fragment kernel/configs/ts_config.conf:
Previous value: CONFIG_CRYPTO_TEST=y
New value: # CONFIG_CRYPTO_TEST is not set

Value of CONFIG_MCPS_DEBUG is redefined by fragment kernel/configs/ts_config.conf:
Previous value: CONFIG_MCPS_DEBUG=y
New value: # CONFIG_MCPS_DEBUG is not set

Value of CONFIG_ARM_EXYNOS_DEVFREQ_DEBUG is redefined by fragment kernel/configs/ts_config.conf:
Previous value: CONFIG_ARM_EXYNOS_DEVFREQ_DEBUG=y
New value: # CONFIG_ARM_EXYNOS_DEVFREQ_DEBUG is not set

Value of CONFIG_ION_DEBUG_EVENT_RECORD is redefined by fragment kernel/configs/ts_config.conf:
Previous value: CONFIG_ION_DEBUG_EVENT_RECORD=y
New value: # CONFIG_ION_DEBUG_EVENT_RECORD is not set

Value of CONFIG_EXYNOS_DEBUG_TEST is redefined by fragment kernel/configs/ts_config.conf:
Previous value: CONFIG_EXYNOS_DEBUG_TEST=y
New value: # CONFIG_EXYNOS_DEBUG_TEST is not set

Value of CONFIG_HAVE_DEBUG_KMEMLEAK is redefined by fragment kernel/configs/ts_config.conf:
Previous value: CONFIG_HAVE_DEBUG_KMEMLEAK=y
New value: # CONFIG_HAVE_DEBUG_KMEMLEAK is not set

Value of CONFIG_PM_DEBUG is redefined by fragment kernel/configs/ts_config.conf:
Previous value: CONFIG_PM_DEBUG=y
New value: # CONFIG_PM_DEBUG is not set

Value of CONFIG_PM_SLEEP_DEBUG is redefined by fragment kernel/configs/ts_config.conf:
Previous value: CONFIG_PM_SLEEP_DEBUG=y
New value: # CONFIG_PM_SLEEP_DEBUG is not set

Value of CONFIG_DEBUG_ATOMIC_SLEEP is redefined by fragment kernel/configs/ts_config.conf:
Previous value: CONFIG_DEBUG_ATOMIC_SLEEP=y
New value: # CONFIG_DEBUG_ATOMIC_SLEEP is not set

Value of CONFIG_TOUCHSCREEN_DUMP_MODE is redefined by fragment kernel/configs/ts_config.conf:
Previous value: CONFIG_TOUCHSCREEN_DUMP_MODE=y
New value: # CONFIG_TOUCHSCREEN_DUMP_MODE is not set

Value of CONFIG_SLUB_DEBUG is redefined by fragment kernel/configs/ts_config.conf:
Previous value: CONFIG_SLUB_DEBUG=y
New value: # CONFIG_SLUB_DEBUG is not set

Value of CONFIG_CMA_DEBUGFS is redefined by fragment kernel/configs/ts_config.conf:
Previous value: CONFIG_CMA_DEBUGFS=y
New value: # CONFIG_CMA_DEBUGFS is not set

Value of CONFIG_CMUCAL_DEBUG is redefined by fragment kernel/configs/ts_config.conf:
Previous value: CONFIG_CMUCAL_DEBUG=y
New value: # CONFIG_CMUCAL_DEBUG is not set

Value of CONFIG_PHY_EXYNOS_DEBUGFS is redefined by fragment kernel/configs/ts_config.conf:
Previous value: CONFIG_PHY_EXYNOS_DEBUGFS=y
New value: # CONFIG_PHY_EXYNOS_DEBUGFS is not set

Value of CONFIG_PHY_EXYNOS_DP_DEBUGFS is redefined by fragment kernel/configs/ts_config.conf:
Previous value: CONFIG_PHY_EXYNOS_DP_DEBUGFS=y
New value: # CONFIG_PHY_EXYNOS_DP_DEBUGFS is not set

Value of CONFIG_HZ is redefined by fragment kernel/configs/ts_config.conf:
Previous value: CONFIG_HZ=250
New value: ## CONFIG_HZ=25 ## CONFIG_HZ=50 ## CONFIG_HZ=100 ## CONFIG_HZ=200 CONFIG_HZ=250 ## CONFIG_HZ=300 ## CONFIG_HZ=1000

Value of CONFIG_PM_WAKELOCKS_LIMIT is redefined by fragment kernel/configs/ts_config.conf:
Previous value: CONFIG_PM_WAKELOCKS_LIMIT=0
New value: CONFIG_PM_WAKELOCKS_LIMIT=150

Value of CONFIG_TCP_CONG_VEGAS is redefined by fragment kernel/configs/ts_config.conf:
Previous value: # CONFIG_TCP_CONG_VEGAS is not set
New value: CONFIG_TCP_CONG_VEGAS=y

Value of CONFIG_TCP_CONG_NV is redefined by fragment kernel/configs/ts_config.conf:
Previous value: # CONFIG_TCP_CONG_NV is not set
New value: CONFIG_TCP_CONG_NV=y

Value of CONFIG_TCP_CONG_SCALABLE is redefined by fragment kernel/configs/ts_config.conf:
Previous value: # CONFIG_TCP_CONG_SCALABLE is not set
New value: CONFIG_TCP_CONG_SCALABLE=y

Value of CONFIG_TCP_CONG_LP is redefined by fragment kernel/configs/ts_config.conf:
Previous value: # CONFIG_TCP_CONG_LP is not set
New value: CONFIG_TCP_CONG_LP=y

Value of CONFIG_TCP_CONG_VENO is redefined by fragment kernel/configs/ts_config.conf:
Previous value: # CONFIG_TCP_CONG_VENO is not set
New value: CONFIG_TCP_CONG_VENO=y

Value of CONFIG_TCP_CONG_YEAH is redefined by fragment kernel/configs/ts_config.conf:
Previous value: # CONFIG_TCP_CONG_YEAH is not set
New value: CONFIG_TCP_CONG_YEAH=y

Value of CONFIG_TCP_CONG_ILLINOIS is redefined by fragment kernel/configs/ts_config.conf:
Previous value: # CONFIG_TCP_CONG_ILLINOIS is not set
New value: CONFIG_TCP_CONG_ILLINOIS=y

Value of CONFIG_TCP_CONG_WESTWOOD is redefined by fragment kernel/configs/ts_config.conf:
Previous value: CONFIG_TCP_CONG_WESTWOOD=m
New value: CONFIG_TCP_CONG_WESTWOOD=y

Value of CONFIG_TCP_CONG_HTCP is redefined by fragment kernel/configs/ts_config.conf:
Previous value: CONFIG_TCP_CONG_HTCP=m
New value: CONFIG_TCP_CONG_HTCP=y

Value of CONFIG_TCP_CONG_BBR is redefined by fragment kernel/configs/ts_config.conf:
Previous value: # CONFIG_TCP_CONG_BBR is not set
New value: CONFIG_TCP_CONG_BBR=y

Value of CONFIG_CPU_FREQ_GOV_ONDEMAND is redefined by fragment kernel/configs/ts_config.conf:
Previous value: # CONFIG_CPU_FREQ_GOV_ONDEMAND is not set
New value: CONFIG_CPU_FREQ_GOV_ONDEMAND=y

Value of CONFIG_CPU_FREQ_DEFAULT_GOV_SCHEDUTIL is redefined by fragment kernel/configs/ts_config.conf:
Previous value: CONFIG_CPU_FREQ_DEFAULT_GOV_SCHEDUTIL=y
New value: # CONFIG_CPU_FREQ_DEFAULT_GOV_SCHEDUTIL is not set

Value of CONFIG_CPU_FREQ_GOV_SCHEDUTIL is redefined by fragment kernel/configs/ts_config.conf:
Previous value: CONFIG_CPU_FREQ_GOV_SCHEDUTIL=y
New value: # CONFIG_CPU_FREQ_GOV_SCHEDUTIL is not set

Value of CONFIG_IOSCHED_DEADLINE is redefined by fragment kernel/configs/ts_config.conf:
Previous value: # CONFIG_IOSCHED_DEADLINE is not set
New value: CONFIG_IOSCHED_DEADLINE=y

Value of CONFIG_USB_CONFIGFS_MASS_STORAGE is redefined by fragment kernel/configs/ts_config.conf:
Previous value: # CONFIG_USB_CONFIGFS_MASS_STORAGE is not set
New value: CONFIG_USB_CONFIGFS_MASS_STORAGE=y

Value of CONFIG_USB_OTG is redefined by fragment kernel/configs/ts_config.conf:
Previous value: # CONFIG_USB_OTG is not set
New value: CONFIG_USB_OTG=y

Value of CONFIG_INITRAMFS_SOURCE is redefined by fragment kernel/configs/ts_config.conf:
Previous value: CONFIG_INITRAMFS_SOURCE=""
New value: CONFIG_INITRAMFS_SOURCE="usr/magisk/initramfs_list"

Value of CONFIG_LOD_SEC is redefined by fragment kernel/configs/ts_config.conf:
Previous value: CONFIG_LOD_SEC=y
New value: # CONFIG_LOD_SEC is not set

Value of CONFIG_UH is redefined by fragment kernel/configs/ts_config.conf:
Previous value: CONFIG_UH=y
New value: # CONFIG_UH is not set

Value of CONFIG_UH_LKMAUTH is redefined by fragment kernel/configs/ts_config.conf:
Previous value: CONFIG_UH_LKMAUTH=y
New value: # CONFIG_UH_LKMAUTH is not set

Value of CONFIG_UH_LKM_BLOCK is redefined by fragment kernel/configs/ts_config.conf:
Previous value: CONFIG_UH_LKM_BLOCK=y
New value: # CONFIG_UH_LKM_BLOCK is not set

Value of CONFIG_RKP_CFP is redefined by fragment kernel/configs/ts_config.conf:
Previous value: CONFIG_RKP_CFP=y
New value: # CONFIG_RKP_CFP is not set

Value of CONFIG_RKP_CFP_JOPP is redefined by fragment kernel/configs/ts_config.conf:
Previous value: CONFIG_RKP_CFP_JOPP=y
New value: # CONFIG_RKP_CFP_JOPP is not set

Value of CONFIG_VFAT_FS is redefined by fragment kernel/configs/ts_config.conf:
Previous value: CONFIG_VFAT_FS=y
New value: # CONFIG_VFAT_FS is not set

Value of CONFIG_CC_OPTIMIZE_FOR_PERFORMANCE is redefined by fragment kernel/configs/ts_config.conf:
Previous value: CONFIG_CC_OPTIMIZE_FOR_PERFORMANCE=y
New value: # CONFIG_CC_OPTIMIZE_FOR_PERFORMANCE is not set

Value of CONFIG_CC_OPTIMIZE_FOR_SIZE is redefined by fragment kernel/configs/ts_config.conf:
Previous value: # CONFIG_CC_OPTIMIZE_FOR_SIZE is not set
New value: CONFIG_CC_OPTIMIZE_FOR_SIZE=y

Value of CONFIG_NETFILTER_XT_TARGET_HL is redefined by fragment kernel/configs/ts_config.conf:
Previous value: # CONFIG_NETFILTER_XT_TARGET_HL is not set
New value: CONFIG_NETFILTER_XT_TARGET_HL=y

Value of CONFIG_IP_NF_TARGET_TTL is redefined by fragment kernel/configs/ts_config.conf:
Previous value: # CONFIG_IP_NF_TARGET_TTL is not set
New value: CONFIG_IP_NF_TARGET_TTL=y

Value of CONFIG_IP6_NF_MATCH_HL is redefined by fragment kernel/configs/ts_config.conf:
Previous value: # CONFIG_IP6_NF_MATCH_HL is not set
New value: CONFIG_IP6_NF_MATCH_HL=y

Value of CONFIG_IP6_NF_TARGET_HL is redefined by fragment kernel/configs/ts_config.conf:
Previous value: # CONFIG_IP6_NF_TARGET_HL is not set
New value: CONFIG_IP6_NF_TARGET_HL=y

Value of CONFIG_NET_UDP_TUNNEL is redefined by fragment kernel/configs/ts_config.conf:
Previous value: # CONFIG_NET_UDP_TUNNEL is not set
New value: CONFIG_NET_UDP_TUNNEL=y

Value of CONFIG_SEC_DEBUG_TSP_LOG is redefined by fragment kernel/configs/ts_config.conf:
Previous value: CONFIG_SEC_DEBUG_TSP_LOG=y
New value: # CONFIG_SEC_DEBUG_TSP_LOG is not set

Value of CONFIG_NETWORK_FILESYSTEMS is redefined by fragment kernel/configs/ts_config.conf:
Previous value: CONFIG_NETWORK_FILESYSTEMS=y
New value: CONFIG_NETWORK_FILESYSTEMS=y CONFIG_NETWORK_FILESYSTEMS=y

Value of CONFIG_CIFS is redefined by fragment kernel/configs/ts_config.conf:
Previous value: # CONFIG_CIFS is not set
New value: CONFIG_CIFS=y

Value of CONFIG_CRYPTO_CCM is redefined by fragment kernel/configs/ts_config.conf:
Previous value: # CONFIG_CRYPTO_CCM is not set
New value: CONFIG_CRYPTO_CCM=y

Value of CONFIG_CRYPTO_MD4 is redefined by fragment kernel/configs/ts_config.conf:
Previous value: # CONFIG_CRYPTO_MD4 is not set
New value: CONFIG_CRYPTO_MD4=y

Value of CONFIG_NTFS_DEBUG is redefined by fragment kernel/configs/ts_config.conf:
Previous value: CONFIG_NTFS_DEBUG=y
New value: # CONFIG_NTFS_DEBUG is not set

Value of CONFIG_NTFS_RW is redefined by fragment kernel/configs/ts_config.conf:
Previous value: # CONFIG_NTFS_RW is not set
New value: CONFIG_NTFS_RW=y

Value of CONFIG_F2FS_SEC_BLOCK_OPERATIONS_DEBUG is redefined by fragment kernel/configs/ts_config.conf:
Previous value: CONFIG_F2FS_SEC_BLOCK_OPERATIONS_DEBUG=y
New value: # CONFIG_F2FS_SEC_BLOCK_OPERATIONS_DEBUG is not set

Value of CONFIG_BLOCK_SUPPORT_STLOG is redefined by fragment kernel/configs/ts_config.conf:
Previous value: CONFIG_BLOCK_SUPPORT_STLOG=y
New value: # CONFIG_BLOCK_SUPPORT_STLOG is not set

Value of CONFIG_CFS_BANDWIDTH is redefined by fragment kernel/configs/ts_config.conf:
Previous value: CONFIG_CFS_BANDWIDTH=y
New value: # CONFIG_CFS_BANDWIDTH is not set

Value of CONFIG_WQ_POWER_EFFICIENT_DEFAULT is redefined by fragment kernel/configs/ts_config.conf:
Previous value: # CONFIG_WQ_POWER_EFFICIENT_DEFAULT is not set
New value: CONFIG_WQ_POWER_EFFICIENT_DEFAULT=y

Value of CONFIG_ARCH_HAS_HOLES_MEMORYMODEL is redefined by fragment kernel/configs/ts_config.conf:
Previous value: CONFIG_ARCH_HAS_HOLES_MEMORYMODEL=y
New value: # CONFIG_ARCH_HAS_HOLES_MEMORYMODEL is not set

Value of CONFIG_SPARSEMEM_MANUAL is redefined by fragment kernel/configs/ts_config.conf:
Previous value: CONFIG_SPARSEMEM_MANUAL=y
New value: # CONFIG_SPARSEMEM_MANUAL is not set # CONFIG_SPARSEMEM_MANUAL is not set

Value of CONFIG_SPARSEMEM is redefined by fragment kernel/configs/ts_config.conf:
Previous value: CONFIG_SPARSEMEM=y
New value: # CONFIG_SPARSEMEM is not set

Value of CONFIG_HAVE_MEMORY_PRESENT is redefined by fragment kernel/configs/ts_config.conf:
Previous value: CONFIG_HAVE_MEMORY_PRESENT=y
New value: # CONFIG_HAVE_MEMORY_PRESENT is not set

Value of CONFIG_SPARSEMEM_EXTREME is redefined by fragment kernel/configs/ts_config.conf:
Previous value: CONFIG_SPARSEMEM_EXTREME=y
New value: # CONFIG_SPARSEMEM_EXTREME is not set

Value of CONFIG_SPARSEMEM_VMEMMAP is redefined by fragment kernel/configs/ts_config.conf:
Previous value: CONFIG_SPARSEMEM_VMEMMAP=y
New value: # CONFIG_SPARSEMEM_VMEMMAP is not set

Value of CONFIG_HAVE_ARCH_KASAN is redefined by fragment kernel/configs/ts_config.conf:
Previous value: CONFIG_HAVE_ARCH_KASAN=y
New value: # CONFIG_HAVE_ARCH_KASAN is not set

Value of CONFIG_USB_SERIAL_CONSOLE is redefined by fragment kernel/configs/ts_config.conf:
Previous value: # CONFIG_USB_SERIAL_CONSOLE is not set
New value: CONFIG_USB_SERIAL_CONSOLE=y

Value of CONFIG_USB_SERIAL_GENERIC is redefined by fragment kernel/configs/ts_config.conf:
Previous value: # CONFIG_USB_SERIAL_GENERIC is not set
New value: CONFIG_USB_SERIAL_GENERIC=y

Value of CONFIG_USB_SERIAL_CP210X is redefined by fragment kernel/configs/ts_config.conf:
Previous value: # CONFIG_USB_SERIAL_CP210X is not set
New value: CONFIG_USB_SERIAL_CP210X=y

Value of CONFIG_VIRTUALIZATION is redefined by fragment kernel/configs/ts_config.conf:
Previous value: # CONFIG_VIRTUALIZATION is not set
New value: CONFIG_VIRTUALIZATION=y

Value of CONFIG_ARM64_VHE is redefined by fragment kernel/configs/ts_config.conf:
Previous value: # CONFIG_ARM64_VHE is not set
New value: CONFIG_ARM64_VHE=y

Value of CONFIG_PARAVIRT is redefined by fragment kernel/configs/ts_config.conf:
Previous value: # CONFIG_PARAVIRT is not set
New value: CONFIG_PARAVIRT=y

Value of CONFIG_VIRTIO_PCI is redefined by fragment kernel/configs/ts_config.conf:
Previous value: # CONFIG_VIRTIO_PCI is not set
New value: CONFIG_VIRTIO_PCI=y

Value of CONFIG_NET_9P is redefined by fragment kernel/configs/ts_config.conf:
Previous value: # CONFIG_NET_9P is not set
New value: CONFIG_NET_9P=y

Value of CONFIG_BRIDGE is redefined by fragment kernel/configs/ts_config.conf:
Previous value: # CONFIG_BRIDGE is not set
New value: CONFIG_BRIDGE=y

Value of CONFIG_NETFILTER_XT_MATCH_ADDRTYPE is redefined by fragment kernel/configs/ts_config.conf:
Previous value: # CONFIG_NETFILTER_XT_MATCH_ADDRTYPE is not set
New value: CONFIG_NETFILTER_XT_MATCH_ADDRTYPE=y

Value of CONFIG_BLK_CGROUP is redefined by fragment kernel/configs/ts_config.conf:
Previous value: # CONFIG_BLK_CGROUP is not set
New value: CONFIG_BLK_CGROUP=y

Value of CONFIG_CGROUP_PERF is redefined by fragment kernel/configs/ts_config.conf:
Previous value: # CONFIG_CGROUP_PERF is not set
New value: CONFIG_CGROUP_PERF=y

Value of CONFIG_CGROUP_NET_PRIO is redefined by fragment kernel/configs/ts_config.conf:
Previous value: # CONFIG_CGROUP_NET_PRIO is not set
New value: CONFIG_CGROUP_NET_PRIO=y

Value of CONFIG_IP_VS is redefined by fragment kernel/configs/ts_config.conf:
Previous value: # CONFIG_IP_VS is not set
New value: CONFIG_IP_VS=y

Value of CONFIG_SECURITY_APPARMOR is redefined by fragment kernel/configs/ts_config.conf:
Previous value: # CONFIG_SECURITY_APPARMOR is not set
New value: CONFIG_SECURITY_APPARMOR=y

Value of CONFIG_EXT3_FS_POSIX_ACL is redefined by fragment kernel/configs/ts_config.conf:
Previous value: # CONFIG_EXT3_FS_POSIX_ACL is not set
New value: CONFIG_EXT3_FS_POSIX_ACL=y

Value of CONFIG_VXLAN is redefined by fragment kernel/configs/ts_config.conf:
Previous value: # CONFIG_VXLAN is not set
New value: CONFIG_VXLAN=y

Value of CONFIG_MACVLAN is redefined by fragment kernel/configs/ts_config.conf:
Previous value: # CONFIG_MACVLAN is not set
New value: CONFIG_MACVLAN=y

Value of CONFIG_DUMMY is redefined by fragment kernel/configs/ts_config.conf:
Previous value: # CONFIG_DUMMY is not set
New value: CONFIG_DUMMY=y

Value of CONFIG_OVERLAY_FS is redefined by fragment kernel/configs/ts_config.conf:
Previous value: # CONFIG_OVERLAY_FS is not set
New value: CONFIG_OVERLAY_FS=y

Merging kernel/configs/ts+magisk.conf
Merging kernel/configs/ts+dtb.conf
/bin/sh: 1: ./scripts/fetch-latest-wireguard.sh: Permission denied
/bin/sh: 1: ./scripts/fetch-latest-wireguard.sh: Permission denied
  HOSTCC  scripts/basic/fixdep
  HOSTCC  scripts/basic/bin2c
/bin/sh: 1: ./scripts/fetch-latest-wireguard.sh: Permission denied
scripts/kconfig/conf  --alldefconfig Kconfig
drivers/gpu/arm/bv_r33p0/Kconfig:374:warning: ignoring type redefinition of 'MALI_ARBITRATION' from 'boolean' to 'tristate'
./.tmp.config.rS5TtJRUTt:6386:warning: override: MALI_DDK_VALHALL_R36P0 changes choice state
./.tmp.config.rS5TtJRUTt:6450:warning: override: reassigning to symbol CPU_FREQ_GOV_PERFORMANCE
./.tmp.config.rS5TtJRUTt:6469:warning: override: reassigning to symbol CPU_FREQ_GOV_ALUCARDSCHED
./.tmp.config.rS5TtJRUTt:6534:warning: override: reassigning to symbol PGTABLE_MAPPING
./.tmp.config.rS5TtJRUTt:6566:warning: override: reassigning to symbol KPERFMON
./.tmp.config.rS5TtJRUTt:6612:warning: override: reassigning to symbol SPARSEMEM_MANUAL
./.tmp.config.rS5TtJRUTt:6674:warning: override: reassigning to symbol NETWORK_FILESYSTEMS
#
# configuration written to .config
#
Value requested for CONFIG_CGROUP_DEBUG not in final .config
Requested value:  CONFIG_CGROUP_DEBUG=y
## CONFIG_CGROUP_DEBUG is not set
Actual value:     CONFIG_CGROUP_DEBUG=y

Value requested for CONFIG_SLABINFO not in final .config
Requested value:  CONFIG_SLABINFO=y
Actual value:     

Value requested for CONFIG_MQ_IOSCHED_DEADLINE not in final .config
Requested value:  CONFIG_MQ_IOSCHED_DEADLINE=y
CONFIG_MQ_IOSCHED_DEADLINE =y
Actual value:     CONFIG_MQ_IOSCHED_DEADLINE=y

Value requested for CONFIG_UH_DEBUG not in final .config
Requested value:  # CONFIG_UH_DEBUG is not set
Actual value:     

Value requested for CONFIG_UH_RKP not in final .config
Requested value:  CONFIG_UH_RKP=y
Actual value:     

Value requested for CONFIG_RKP_KDP not in final .config
Requested value:  CONFIG_RKP_KDP=y
Actual value:     

Value requested for CONFIG_RKP_NS_PROT not in final .config
Requested value:  CONFIG_RKP_NS_PROT=y
Actual value:     

Value requested for CONFIG_RKP_DMAP_PROT not in final .config
Requested value:  CONFIG_RKP_DMAP_PROT=y
Actual value:     

Value requested for CONFIG_UH_RKP_FIMC_CHECK not in final .config
Requested value:  # CONFIG_UH_RKP_FIMC_CHECK is not set
Actual value:     

Value requested for CONFIG_RKP_CFP_JOPP_MAGIC not in final .config
Requested value:  CONFIG_RKP_CFP_JOPP_MAGIC=0x00be7bad
Actual value:     

Value requested for CONFIG_RKP_CFP_TEST not in final .config
Requested value:  # CONFIG_RKP_CFP_TEST is not set
Actual value:     

Value requested for CONFIG_PM_ADVANCED_DEBUG not in final .config
Requested value:  # CONFIG_PM_ADVANCED_DEBUG is not set
Actual value:     

Value requested for CONFIG_PM_TEST_SUSPEND not in final .config
Requested value:  # CONFIG_PM_TEST_SUSPEND is not set
Actual value:     

Value requested for CONFIG_DPM_WATCHDOG not in final .config
Requested value:  # CONFIG_DPM_WATCHDOG is not set
Actual value:     

Value requested for CONFIG_TCP_CONG_LIA not in final .config
Requested value:  CONFIG_TCP_CONG_LIA=y
Actual value:     

Value requested for CONFIG_TCP_CONG_OLIA not in final .config
Requested value:  CONFIG_TCP_CONG_OLIA=y
Actual value:     

Value requested for CONFIG_TCP_CONG_WVEGAS not in final .config
Requested value:  CONFIG_TCP_CONG_WVEGAS=y
Actual value:     

Value requested for CONFIG_TCP_CONG_BALIA not in final .config
Requested value:  # CONFIG_TCP_CONG_BALIA is not set
Actual value:     

Value requested for CONFIG_DEFAULT_LIA not in final .config
Requested value:  # CONFIG_DEFAULT_LIA is not set
Actual value:     

Value requested for CONFIG_DEFAULT_OLIA not in final .config
Requested value:  # CONFIG_DEFAULT_OLIA is not set
Actual value:     

Value requested for CONFIG_DEFAULT_WVEGAS not in final .config
Requested value:  # CONFIG_DEFAULT_WVEGAS is not set
Actual value:     

Value requested for CONFIG_SERIAL_8250 not in final .config
Requested value:  # CONFIG_SERIAL_8250 is not set
## CONFIG_SERIAL_8250=y
Actual value:     # CONFIG_SERIAL_8250 is not set

Value requested for CONFIG_EXYRNG_FIPS_COMPLIANCE not in final .config
Requested value:  CONFIG_EXYRNG_FIPS_COMPLIANCE=y
## CONFIG_EXYRNG_FIPS_COMPLIANCE is not set
Actual value:     CONFIG_EXYRNG_FIPS_COMPLIANCE=y

Value requested for CONFIG_EXYRNG_FAIL_POLICY_RESET not in final .config
Requested value:  CONFIG_EXYRNG_FAIL_POLICY_RESET=y
## CONFIG_EXYRNG_FAIL_POLICY_RESET is not set
Actual value:     CONFIG_EXYRNG_FAIL_POLICY_RESET=y

Value requested for CONFIG_MALI_BIFROST_R32P1 not in final .config
Requested value:  CONFIG_MALI_BIFROST_R32P1=y
Actual value:     # CONFIG_MALI_BIFROST_R32P1 is not set

Value requested for CONFIG_USB_RIO500 not in final .config
Requested value:  # CONFIG_USB_RIO500 is not set
Actual value:     

Value requested for CONFIG_MMC_DW_DEBUG not in final .config
Requested value:  CONFIG_MMC_DW_DEBUG=y
## CONFIG_MMC_DW_DEBUG is not set
Actual value:     CONFIG_MMC_DW_DEBUG=y

Value requested for CONFIG_LEDS_KTD2692 not in final .config
Requested value:  # CONFIG_LEDS_KTD2692 is not set
Actual value:     

Value requested for CONFIG_SAMSUNG_LMKD_DEBUG not in final .config
Requested value:  CONFIG_SAMSUNG_LMKD_DEBUG=y
## CONFIG_SAMSUNG_LMKD_DEBUG is not set
Actual value:     CONFIG_SAMSUNG_LMKD_DEBUG=y

Value requested for CONFIG_FAT_DEFAULT_IOCHARSET not in final .config
Requested value:  CONFIG_FAT_DEFAULT_IOCHARSET="iso8859-1"
Actual value:     

Value requested for CONFIG_FAT_DEFAULT_UTF8 not in final .config
Requested value:  # CONFIG_FAT_DEFAULT_UTF8 is not set
Actual value:     

Value requested for CONFIG_SLUB_DEBUG_ON not in final .config
Requested value:  # CONFIG_SLUB_DEBUG_ON is not set
Actual value:     

Value requested for CONFIG_SCHED_DEBUG not in final .config
Requested value:  CONFIG_SCHED_DEBUG=y
## CONFIG_SCHED_DEBUG is not set
Actual value:     CONFIG_SCHED_DEBUG=y

Value requested for CONFIG_SECURITYFS not in final .config
Requested value:  # CONFIG_SECURITYFS is not set
Actual value:     CONFIG_SECURITYFS=y

Value requested for CONFIG_SECURITY_PATH not in final .config
Requested value:  # CONFIG_SECURITY_PATH is not set
Actual value:     CONFIG_SECURITY_PATH=y

Value requested for CONFIG_DEFEX_KERNEL_ONLY not in final .config
Requested value:  # CONFIG_DEFEX_KERNEL_ONLY is not set
Actual value:     

Value requested for CONFIG_PROCA_GKI_10 not in final .config
Requested value:  # CONFIG_PROCA_GKI_10 is not set
Actual value:     

Value requested for CONFIG_PROCA_S_OS not in final .config
Requested value:  CONFIG_PROCA_S_OS=y
Actual value:     

Value requested for CONFIG_CRYPTO_FIPS not in final .config
Requested value:  CONFIG_CRYPTO_FIPS=y
## CONFIG_CRYPTO_FIPS is not set
Actual value:     CONFIG_CRYPTO_FIPS=y

Value requested for CONFIG_DECOMPRESS_BZIP2 not in final .config
Requested value:  CONFIG_DECOMPRESS_BZIP2=y
Actual value:     

Value requested for CONFIG_DECOMPRESS_LZMA not in final .config
Requested value:  CONFIG_DECOMPRESS_LZMA=y
Actual value:     

Value requested for CONFIG_DECOMPRESS_XZ not in final .config
Requested value:  CONFIG_DECOMPRESS_XZ=y
Actual value:     

Value requested for CONFIG_DECOMPRESS_LZO not in final .config
Requested value:  CONFIG_DECOMPRESS_LZO=y
Actual value:     

Value requested for CONFIG_DECOMPRESS_LZ4 not in final .config
Requested value:  CONFIG_DECOMPRESS_LZ4=y
Actual value:     

Value requested for CONFIG_KPERFMON not in final .config
Requested value:  # CONFIG_KPERFMON is not set
# CONFIG_KPERFMON is not set
Actual value:     # CONFIG_KPERFMON is not set

Value requested for CONFIG_CPU_FREQ_GOV_PERFORMANCE not in final .config
Requested value:  # CONFIG_CPU_FREQ_GOV_PERFORMANCE is not set
# CONFIG_CPU_FREQ_GOV_PERFORMANCE is not set
Actual value:     # CONFIG_CPU_FREQ_GOV_PERFORMANCE is not set

Value requested for CONFIG_PGTABLE_MAPPING not in final .config
Requested value:  # CONFIG_PGTABLE_MAPPING is not set
# CONFIG_PGTABLE_MAPPING is not set
Actual value:     # CONFIG_PGTABLE_MAPPING is not set

Value requested for CONFIG_EXYNOS_SNAPSHOT_DM not in final .config
Requested value:  # CONFIG_EXYNOS_SNAPSHOT_DM is not set
Actual value:     

Value requested for CONFIG_HAVE_DEBUG_KMEMLEAK not in final .config
Requested value:  # CONFIG_HAVE_DEBUG_KMEMLEAK is not set
Actual value:     CONFIG_HAVE_DEBUG_KMEMLEAK=y

Value requested for CONFIG_PM_SLEEP_DEBUG not in final .config
Requested value:  # CONFIG_PM_SLEEP_DEBUG is not set
Actual value:     

Value requested for CONFIG_PHY_EXYNOS_DP_DEBUGFS not in final .config
Requested value:  # CONFIG_PHY_EXYNOS_DP_DEBUGFS is not set
Actual value:     

Value requested for CONFIG_MALI_VALHALL_R17P0 not in final .config
Requested value:  # CONFIG_MALI_VALHALL_R17P0 is not set
Actual value:     

Value requested for CONFIG_MALI_VALHALL_R19P0 not in final .config
Requested value:  # CONFIG_MALI_VALHALL_R19P0 is not set
Actual value:     

Value requested for CONFIG_MALI_VALHALL_R20P0 not in final .config
Requested value:  # CONFIG_MALI_VALHALL_R20P0 is not set
Actual value:     

Value requested for CONFIG_MALI_VALHALL_R25P1 not in final .config
Requested value:  # CONFIG_MALI_VALHALL_R25P1 is not set
Actual value:     

Value requested for CONFIG_MALI_DDK_VALHALL_R32P1 not in final .config
Requested value:  # CONFIG_MALI_DDK_VALHALL_R32P1 is not set
Actual value:     

Value requested for CONFIG_HZ not in final .config
Requested value:  ## CONFIG_HZ=25
## CONFIG_HZ=50
## CONFIG_HZ=100
## CONFIG_HZ=200
CONFIG_HZ=250
## CONFIG_HZ=300
## CONFIG_HZ=1000
Actual value:     CONFIG_HZ=250

Value requested for CONFIG_CPU_FREQ_GOV_PERFORMANCE not in final .config
Requested value:  # CONFIG_CPU_FREQ_GOV_PERFORMANCE is not set
# CONFIG_CPU_FREQ_GOV_PERFORMANCE is not set
Actual value:     # CONFIG_CPU_FREQ_GOV_PERFORMANCE is not set

Value requested for CONFIG_CPU_FREQ_GOV_ALUCARDSCHED not in final .config
Requested value:  # CONFIG_CPU_FREQ_GOV_ALUCARDSCHED is not set
# CONFIG_CPU_FREQ_GOV_ALUCARDSCHED is not set
Actual value:     # CONFIG_CPU_FREQ_GOV_ALUCARDSCHED is not set

Value requested for CONFIG_CPU_FREQ_GOV_ALUCARDSCHED not in final .config
Requested value:  # CONFIG_CPU_FREQ_GOV_ALUCARDSCHED is not set
# CONFIG_CPU_FREQ_GOV_ALUCARDSCHED is not set
Actual value:     # CONFIG_CPU_FREQ_GOV_ALUCARDSCHED is not set

Value requested for CONFIG_COMPAT_VDSO not in final .config
Requested value:  CONFIG_COMPAT_VDSO=y
Actual value:     

Value requested for CONFIG_PGTABLE_MAPPING not in final .config
Requested value:  # CONFIG_PGTABLE_MAPPING is not set
# CONFIG_PGTABLE_MAPPING is not set
Actual value:     # CONFIG_PGTABLE_MAPPING is not set

Value requested for CONFIG_NETWORK_FILESYSTEMS not in final .config
Requested value:  CONFIG_NETWORK_FILESYSTEMS=y
CONFIG_NETWORK_FILESYSTEMS=y
Actual value:     CONFIG_NETWORK_FILESYSTEMS=y

Value requested for CONFIG_CIFS_DEBUG2 not in final .config
Requested value:  # CONFIG_CIFS_DEBUG2 is not set
Actual value:     

Value requested for CONFIG_CIFS_DEBUG_DUMP_KEYS not in final .config
Requested value:  # CONFIG_CIFS_DEBUG_DUMP_KEYS is not set
Actual value:     

Value requested for CONFIG_KPERFMON not in final .config
Requested value:  # CONFIG_KPERFMON is not set
# CONFIG_KPERFMON is not set
Actual value:     # CONFIG_KPERFMON is not set

Value requested for CONFIG_ARCH_HAS_HOLES_MEMORYMODEL not in final .config
Requested value:  # CONFIG_ARCH_HAS_HOLES_MEMORYMODEL is not set
Actual value:     

Value requested for CONFIG_SPARSEMEM_MANUAL not in final .config
Requested value:  # CONFIG_SPARSEMEM_MANUAL is not set
# CONFIG_SPARSEMEM_MANUAL is not set
Actual value:     # CONFIG_SPARSEMEM_MANUAL is not set

Value requested for CONFIG_SPARSEMEM not in final .config
Requested value:  # CONFIG_SPARSEMEM is not set
Actual value:     

Value requested for CONFIG_HAVE_MEMORY_PRESENT not in final .config
Requested value:  # CONFIG_HAVE_MEMORY_PRESENT is not set
Actual value:     

Value requested for CONFIG_SPARSEMEM_EXTREME not in final .config
Requested value:  # CONFIG_SPARSEMEM_EXTREME is not set
Actual value:     

Value requested for CONFIG_SPARSEMEM_VMEMMAP not in final .config
Requested value:  # CONFIG_SPARSEMEM_VMEMMAP is not set
Actual value:     

Value requested for CONFIG_HAVE_ARCH_KASAN not in final .config
Requested value:  # CONFIG_HAVE_ARCH_KASAN is not set
Actual value:     

Value requested for CONFIG_KASAN not in final .config
Requested value:  # CONFIG_KASAN is not set
Actual value:     

Value requested for CONFIG_SPARSEMEM_MANUAL not in final .config
Requested value:  # CONFIG_SPARSEMEM_MANUAL is not set
# CONFIG_SPARSEMEM_MANUAL is not set
Actual value:     # CONFIG_SPARSEMEM_MANUAL is not set

Value requested for CONFIG_HAVE_KVM_IRQ_BYPASS not in final .config
Requested value:  CONFIG_HAVE_KVM_IRQ_BYPASS=y
Actual value:     

Value requested for CONFIG_KVM_GUEST not in final .config
Requested value:  CONFIG_KVM_GUEST=y
Actual value:     

Value requested for CONFIG_KVM_DEBUG_FS not in final .config
Requested value:  CONFIG_KVM_DEBUG_FS=y
Actual value:     

Value requested for CONFIG_NETWORK_FILESYSTEMS not in final .config
Requested value:  CONFIG_NETWORK_FILESYSTEMS=y
CONFIG_NETWORK_FILESYSTEMS=y
Actual value:     CONFIG_NETWORK_FILESYSTEMS=y

Value requested for CONFIG_HYPERVISOR_GUEST not in final .config
Requested value:  CONFIG_HYPERVISOR_GUEST=y
Actual value:     

Value requested for CONFIG_DRM_VIRTIO_GPU not in final .config
Requested value:  CONFIG_DRM_VIRTIO_GPU=y
Actual value:     

Value requested for CONFIG_CGROUP_HUGETLB not in final .config
Requested value:  CONFIG_CGROUP_HUGETLB=y
Actual value:     

Value requested for CONFIG_EXT3_FS_XATTR not in final .config
Requested value:  CONFIG_EXT3_FS_XATTR=y
Actual value:     

Value requested for CONFIG_BRIDGE_VLAN_FILTERING not in final .config
Requested value:  CONFIG_BRIDGE_VLAN_FILTERING=y
Actual value:     

Value requested for CONFIG_IPVLAN not in final .config
Requested value:  CONFIG_IPVLAN=y
Actual value:     

Value requested for CONFIG_GPU_REG_VOLTAGE not in final .config
Requested value:  # CONFIG_GPU_REG_VOLTAGE is not set
Actual value:     

Value requested for CONFIG_INITRAMFS_COMPRESSION_BZIP2 not in final .config
Requested value:  # CONFIG_INITRAMFS_COMPRESSION_BZIP2 is not set
Actual value:     

Value requested for CONFIG_INITRAMFS_COMPRESSION_LZMA not in final .config
Requested value:  # CONFIG_INITRAMFS_COMPRESSION_LZMA is not set
Actual value:     

Value requested for CONFIG_INITRAMFS_COMPRESSION_XZ not in final .config
Requested value:  # CONFIG_INITRAMFS_COMPRESSION_XZ is not set
Actual value:     

Value requested for CONFIG_INITRAMFS_COMPRESSION_LZO not in final .config
Requested value:  # CONFIG_INITRAMFS_COMPRESSION_LZO is not set
Actual value:     

Value requested for CONFIG_INITRAMFS_COMPRESSION_LZ4 not in final .config
Requested value:  # CONFIG_INITRAMFS_COMPRESSION_LZ4 is not set
Actual value:     

Nothing to be done: Magisk version v25.2
/bin/sh: 1: ./scripts/fetch-latest-wireguard.sh: Permission denied
arch/arm64/Makefile:27: ld does not support --fix-cortex-a53-843419; kernel may be susceptible to erratum
arch/arm64/Makefile:55: LSE atomics not supported by binutils
arch/arm64/Makefile:63: Detected assembler with broken .inst; disassembly will be unreliable
make: /home/nalas/kernel/github/S10-TS/toolchain/clang-14/host/linux-x86/clang-r437112b/bin/clang: Polecenie nie znalezione
make: /home/nalas/kernel/github/S10-TS/toolchain/clang-14/host/linux-x86/clang-r437112b/bin/clang: Polecenie nie znalezione
/bin/sh: 1: ./scripts/fetch-latest-wireguard.sh: Permission denied
/bin/sh: 1: ./scripts/fetch-latest-wireguard.sh: Permission denied
/bin/sh: 1: ./scripts/fetch-latest-wireguard.sh: Permission denied
scripts/kconfig/conf  --silentoldconfig Kconfig
drivers/gpu/arm/bv_r33p0/Kconfig:374:warning: ignoring type redefinition of 'MALI_ARBITRATION' from 'boolean' to 'tristate'
#
# configuration written to .config
#
/bin/sh: 1: ./scripts/fetch-latest-wireguard.sh: Permission denied
arch/arm64/Makefile:27: ld does not support --fix-cortex-a53-843419; kernel may be susceptible to erratum
arch/arm64/Makefile:55: LSE atomics not supported by binutils
arch/arm64/Makefile:63: Detected assembler with broken .inst; disassembly will be unreliable
make: /home/nalas/kernel/github/S10-TS/toolchain/clang-14/host/linux-x86/clang-r437112b/bin/clang: Polecenie nie znalezione
make: /home/nalas/kernel/github/S10-TS/toolchain/clang-14/host/linux-x86/clang-r437112b/bin/clang: Polecenie nie znalezione
  CHK     include/config/kernel.release
make: /home/nalas/kernel/github/S10-TS/toolchain/clang-14/host/linux-x86/clang-r437112b/bin/clang: Polecenie nie znalezione
Cannot use CONFIG_CC_STACKPROTECTOR_STRONG: -fstack-protector-strong not supported by compiler
make: *** [Makefile:1409: prepare-compiler-check] Błąd 1
make: *** Oczekiwanie na niezakończone zadania....
  UPD     include/config/kernel.release
Name: ThundeRStormS-Kernel-HVE1-OneUI-S-G973F-v4.3
Model: G973F
Configuration:
	magisk (default: On)
	dtb (default: On)
OS Patch Level: 2022-01
ARCH = arm64
ANDROID_MAJOR_VERSION = r
Toolchain: clang-14
Build date: 2022-08-16 06:47 UTC
Name: ThundeRStormS-Kernel-HVE1-OneUI-S-G973F-v4.3
Model: G973F
Configuration:
	magisk (default: On)
	dtb (default: On)
OS Patch Level: 2022-01
ARCH = arm64
ANDROID_MAJOR_VERSION = r
Magisk Version: v25.2
Traceback (most recent call last):
  File "./build", line 627, in <module>
    build(compiler, objtree)
  File "./build", line 446, in build
    run(['make',
  File "/usr/lib/python3.8/subprocess.py", line 516, in run
    raise CalledProcessError(retcode, process.args,
subprocess.CalledProcessError: Command '['make', '-j', '12', 'CLANG_TRIPLE=/home/nalas/kernel/github/S10-TS/toolchain/clang-14/clang/host/linux-x86/clang-r437112b/bin/aarch64-linux-gnu-', 'CC=/home/nalas/kernel/github/S10-TS/toolchain/clang-14/host/linux-x86/clang-r437112b/bin/clang', 'CROSS_COMPILE=/home/nalas/kernel/github/S10-TS/toolchain/samsung/gcc-cfp/gcc-cfp-jopp-only/aarch64-linux-android-4.9/bin/aarch64-linux-android-']' returned non-zero exit status 2.
Start compile time is 08:47:11
End compile time is 08:47:25

Your flasheable release can be found in the builds folder with name :
ThundeRStormS-Kernel-HVE1-OneUI-S-G973F-v4.3-2022-08-16.img

Using arch/arm64/configs/exynos9820-beyond2lte_defconfig as base
Merging kernel/configs/ts_config.conf
Value of CONFIG_SECURITY_DEFEX is redefined by fragment kernel/configs/ts_config.conf:
Previous value: CONFIG_SECURITY_DEFEX=y
New value: # CONFIG_SECURITY_DEFEX is not set

Value of CONFIG_PROCA is redefined by fragment kernel/configs/ts_config.conf:
Previous value: CONFIG_PROCA=y
New value: # CONFIG_PROCA is not set

Value of CONFIG_SECURITY_DSMS is redefined by fragment kernel/configs/ts_config.conf:
Previous value: CONFIG_SECURITY_DSMS=y
New value: # CONFIG_SECURITY_DSMS is not set

Value of CONFIG_KPERFMON is redefined by fragment kernel/configs/ts_config.conf:
Previous value: CONFIG_KPERFMON=y
New value: # CONFIG_KPERFMON is not set # CONFIG_KPERFMON is not set

Value of CONFIG_LOCALVERSION is redefined by fragment kernel/configs/ts_config.conf:
Previous value: CONFIG_LOCALVERSION=""
New value: CONFIG_LOCALVERSION="-$KERNEL_VERSION"

Value of CONFIG_LOCALVERSION_AUTO is redefined by fragment kernel/configs/ts_config.conf:
Previous value: CONFIG_LOCALVERSION_AUTO=y
New value: # CONFIG_LOCALVERSION_AUTO is not set

Value of CONFIG_CPU_FREQ_GOV_PERFORMANCE is redefined by fragment kernel/configs/ts_config.conf:
Previous value: CONFIG_CPU_FREQ_GOV_PERFORMANCE=y
New value: # CONFIG_CPU_FREQ_GOV_PERFORMANCE is not set # CONFIG_CPU_FREQ_GOV_PERFORMANCE is not set

Value of CONFIG_DTC is redefined by fragment kernel/configs/ts_config.conf:
Previous value: CONFIG_DTC=y
New value: # CONFIG_DTC is not set

Value of CONFIG_RD_BZIP2 is redefined by fragment kernel/configs/ts_config.conf:
Previous value: CONFIG_RD_BZIP2=y
New value: # CONFIG_RD_BZIP2 is not set

Value of CONFIG_RD_LZMA is redefined by fragment kernel/configs/ts_config.conf:
Previous value: CONFIG_RD_LZMA=y
New value: # CONFIG_RD_LZMA is not set

Value of CONFIG_RD_XZ is redefined by fragment kernel/configs/ts_config.conf:
Previous value: CONFIG_RD_XZ=y
New value: # CONFIG_RD_XZ is not set

Value of CONFIG_RD_LZO is redefined by fragment kernel/configs/ts_config.conf:
Previous value: CONFIG_RD_LZO=y
New value: # CONFIG_RD_LZO is not set

Value of CONFIG_RD_LZ4 is redefined by fragment kernel/configs/ts_config.conf:
Previous value: CONFIG_RD_LZ4=y
New value: # CONFIG_RD_LZ4 is not set

Value of CONFIG_CRAMFS is redefined by fragment kernel/configs/ts_config.conf:
Previous value: CONFIG_CRAMFS=y
New value: # CONFIG_CRAMFS is not set

Value of CONFIG_PGTABLE_MAPPING is redefined by fragment kernel/configs/ts_config.conf:
Previous value: CONFIG_PGTABLE_MAPPING=y
New value: # CONFIG_PGTABLE_MAPPING is not set # CONFIG_PGTABLE_MAPPING is not set

Value of CONFIG_EXYNOS_NPU_PUBLISH_NPU_BUILD_VER is redefined by fragment kernel/configs/ts_config.conf:
Previous value: CONFIG_EXYNOS_NPU_PUBLISH_NPU_BUILD_VER=y
New value: # CONFIG_EXYNOS_NPU_PUBLISH_NPU_BUILD_VER is not set

Value of CONFIG_VISION_UNITTEST is redefined by fragment kernel/configs/ts_config.conf:
Previous value: CONFIG_VISION_UNITTEST=y
New value: # CONFIG_VISION_UNITTEST is not set

Value of CONFIG_CRYPTO_TEST is redefined by fragment kernel/configs/ts_config.conf:
Previous value: CONFIG_CRYPTO_TEST=y
New value: # CONFIG_CRYPTO_TEST is not set

Value of CONFIG_MCPS_DEBUG is redefined by fragment kernel/configs/ts_config.conf:
Previous value: CONFIG_MCPS_DEBUG=y
New value: # CONFIG_MCPS_DEBUG is not set

Value of CONFIG_ARM_EXYNOS_DEVFREQ_DEBUG is redefined by fragment kernel/configs/ts_config.conf:
Previous value: CONFIG_ARM_EXYNOS_DEVFREQ_DEBUG=y
New value: # CONFIG_ARM_EXYNOS_DEVFREQ_DEBUG is not set

Value of CONFIG_ION_DEBUG_EVENT_RECORD is redefined by fragment kernel/configs/ts_config.conf:
Previous value: CONFIG_ION_DEBUG_EVENT_RECORD=y
New value: # CONFIG_ION_DEBUG_EVENT_RECORD is not set

Value of CONFIG_EXYNOS_DEBUG_TEST is redefined by fragment kernel/configs/ts_config.conf:
Previous value: CONFIG_EXYNOS_DEBUG_TEST=y
New value: # CONFIG_EXYNOS_DEBUG_TEST is not set

Value of CONFIG_HAVE_DEBUG_KMEMLEAK is redefined by fragment kernel/configs/ts_config.conf:
Previous value: CONFIG_HAVE_DEBUG_KMEMLEAK=y
New value: # CONFIG_HAVE_DEBUG_KMEMLEAK is not set

Value of CONFIG_PM_DEBUG is redefined by fragment kernel/configs/ts_config.conf:
Previous value: CONFIG_PM_DEBUG=y
New value: # CONFIG_PM_DEBUG is not set

Value of CONFIG_PM_SLEEP_DEBUG is redefined by fragment kernel/configs/ts_config.conf:
Previous value: CONFIG_PM_SLEEP_DEBUG=y
New value: # CONFIG_PM_SLEEP_DEBUG is not set

Value of CONFIG_DEBUG_ATOMIC_SLEEP is redefined by fragment kernel/configs/ts_config.conf:
Previous value: CONFIG_DEBUG_ATOMIC_SLEEP=y
New value: # CONFIG_DEBUG_ATOMIC_SLEEP is not set

Value of CONFIG_TOUCHSCREEN_DUMP_MODE is redefined by fragment kernel/configs/ts_config.conf:
Previous value: CONFIG_TOUCHSCREEN_DUMP_MODE=y
New value: # CONFIG_TOUCHSCREEN_DUMP_MODE is not set

Value of CONFIG_SLUB_DEBUG is redefined by fragment kernel/configs/ts_config.conf:
Previous value: CONFIG_SLUB_DEBUG=y
New value: # CONFIG_SLUB_DEBUG is not set

Value of CONFIG_CMA_DEBUGFS is redefined by fragment kernel/configs/ts_config.conf:
Previous value: CONFIG_CMA_DEBUGFS=y
New value: # CONFIG_CMA_DEBUGFS is not set

Value of CONFIG_CMUCAL_DEBUG is redefined by fragment kernel/configs/ts_config.conf:
Previous value: CONFIG_CMUCAL_DEBUG=y
New value: # CONFIG_CMUCAL_DEBUG is not set

Value of CONFIG_PHY_EXYNOS_DEBUGFS is redefined by fragment kernel/configs/ts_config.conf:
Previous value: CONFIG_PHY_EXYNOS_DEBUGFS=y
New value: # CONFIG_PHY_EXYNOS_DEBUGFS is not set

Value of CONFIG_PHY_EXYNOS_DP_DEBUGFS is redefined by fragment kernel/configs/ts_config.conf:
Previous value: CONFIG_PHY_EXYNOS_DP_DEBUGFS=y
New value: # CONFIG_PHY_EXYNOS_DP_DEBUGFS is not set

Value of CONFIG_HZ is redefined by fragment kernel/configs/ts_config.conf:
Previous value: CONFIG_HZ=250
New value: ## CONFIG_HZ=25 ## CONFIG_HZ=50 ## CONFIG_HZ=100 ## CONFIG_HZ=200 CONFIG_HZ=250 ## CONFIG_HZ=300 ## CONFIG_HZ=1000

Value of CONFIG_PM_WAKELOCKS_LIMIT is redefined by fragment kernel/configs/ts_config.conf:
Previous value: CONFIG_PM_WAKELOCKS_LIMIT=0
New value: CONFIG_PM_WAKELOCKS_LIMIT=150

Value of CONFIG_TCP_CONG_VEGAS is redefined by fragment kernel/configs/ts_config.conf:
Previous value: # CONFIG_TCP_CONG_VEGAS is not set
New value: CONFIG_TCP_CONG_VEGAS=y

Value of CONFIG_TCP_CONG_NV is redefined by fragment kernel/configs/ts_config.conf:
Previous value: # CONFIG_TCP_CONG_NV is not set
New value: CONFIG_TCP_CONG_NV=y

Value of CONFIG_TCP_CONG_SCALABLE is redefined by fragment kernel/configs/ts_config.conf:
Previous value: # CONFIG_TCP_CONG_SCALABLE is not set
New value: CONFIG_TCP_CONG_SCALABLE=y

Value of CONFIG_TCP_CONG_LP is redefined by fragment kernel/configs/ts_config.conf:
Previous value: # CONFIG_TCP_CONG_LP is not set
New value: CONFIG_TCP_CONG_LP=y

Value of CONFIG_TCP_CONG_VENO is redefined by fragment kernel/configs/ts_config.conf:
Previous value: # CONFIG_TCP_CONG_VENO is not set
New value: CONFIG_TCP_CONG_VENO=y

Value of CONFIG_TCP_CONG_YEAH is redefined by fragment kernel/configs/ts_config.conf:
Previous value: # CONFIG_TCP_CONG_YEAH is not set
New value: CONFIG_TCP_CONG_YEAH=y

Value of CONFIG_TCP_CONG_ILLINOIS is redefined by fragment kernel/configs/ts_config.conf:
Previous value: # CONFIG_TCP_CONG_ILLINOIS is not set
New value: CONFIG_TCP_CONG_ILLINOIS=y

Value of CONFIG_TCP_CONG_WESTWOOD is redefined by fragment kernel/configs/ts_config.conf:
Previous value: CONFIG_TCP_CONG_WESTWOOD=m
New value: CONFIG_TCP_CONG_WESTWOOD=y

Value of CONFIG_TCP_CONG_HTCP is redefined by fragment kernel/configs/ts_config.conf:
Previous value: CONFIG_TCP_CONG_HTCP=m
New value: CONFIG_TCP_CONG_HTCP=y

Value of CONFIG_TCP_CONG_BBR is redefined by fragment kernel/configs/ts_config.conf:
Previous value: # CONFIG_TCP_CONG_BBR is not set
New value: CONFIG_TCP_CONG_BBR=y

Value of CONFIG_CPU_FREQ_GOV_ONDEMAND is redefined by fragment kernel/configs/ts_config.conf:
Previous value: # CONFIG_CPU_FREQ_GOV_ONDEMAND is not set
New value: CONFIG_CPU_FREQ_GOV_ONDEMAND=y

Value of CONFIG_CPU_FREQ_DEFAULT_GOV_SCHEDUTIL is redefined by fragment kernel/configs/ts_config.conf:
Previous value: CONFIG_CPU_FREQ_DEFAULT_GOV_SCHEDUTIL=y
New value: # CONFIG_CPU_FREQ_DEFAULT_GOV_SCHEDUTIL is not set

Value of CONFIG_CPU_FREQ_GOV_SCHEDUTIL is redefined by fragment kernel/configs/ts_config.conf:
Previous value: CONFIG_CPU_FREQ_GOV_SCHEDUTIL=y
New value: # CONFIG_CPU_FREQ_GOV_SCHEDUTIL is not set

Value of CONFIG_IOSCHED_DEADLINE is redefined by fragment kernel/configs/ts_config.conf:
Previous value: # CONFIG_IOSCHED_DEADLINE is not set
New value: CONFIG_IOSCHED_DEADLINE=y

Value of CONFIG_USB_CONFIGFS_MASS_STORAGE is redefined by fragment kernel/configs/ts_config.conf:
Previous value: # CONFIG_USB_CONFIGFS_MASS_STORAGE is not set
New value: CONFIG_USB_CONFIGFS_MASS_STORAGE=y

Value of CONFIG_USB_OTG is redefined by fragment kernel/configs/ts_config.conf:
Previous value: # CONFIG_USB_OTG is not set
New value: CONFIG_USB_OTG=y

Value of CONFIG_INITRAMFS_SOURCE is redefined by fragment kernel/configs/ts_config.conf:
Previous value: CONFIG_INITRAMFS_SOURCE=""
New value: CONFIG_INITRAMFS_SOURCE="usr/magisk/initramfs_list"

Value of CONFIG_LOD_SEC is redefined by fragment kernel/configs/ts_config.conf:
Previous value: CONFIG_LOD_SEC=y
New value: # CONFIG_LOD_SEC is not set

Value of CONFIG_UH is redefined by fragment kernel/configs/ts_config.conf:
Previous value: CONFIG_UH=y
New value: # CONFIG_UH is not set

Value of CONFIG_UH_LKMAUTH is redefined by fragment kernel/configs/ts_config.conf:
Previous value: CONFIG_UH_LKMAUTH=y
New value: # CONFIG_UH_LKMAUTH is not set

Value of CONFIG_UH_LKM_BLOCK is redefined by fragment kernel/configs/ts_config.conf:
Previous value: CONFIG_UH_LKM_BLOCK=y
New value: # CONFIG_UH_LKM_BLOCK is not set

Value of CONFIG_RKP_CFP is redefined by fragment kernel/configs/ts_config.conf:
Previous value: CONFIG_RKP_CFP=y
New value: # CONFIG_RKP_CFP is not set

Value of CONFIG_RKP_CFP_JOPP is redefined by fragment kernel/configs/ts_config.conf:
Previous value: CONFIG_RKP_CFP_JOPP=y
New value: # CONFIG_RKP_CFP_JOPP is not set

Value of CONFIG_VFAT_FS is redefined by fragment kernel/configs/ts_config.conf:
Previous value: CONFIG_VFAT_FS=y
New value: # CONFIG_VFAT_FS is not set

Value of CONFIG_CC_OPTIMIZE_FOR_PERFORMANCE is redefined by fragment kernel/configs/ts_config.conf:
Previous value: CONFIG_CC_OPTIMIZE_FOR_PERFORMANCE=y
New value: # CONFIG_CC_OPTIMIZE_FOR_PERFORMANCE is not set

Value of CONFIG_CC_OPTIMIZE_FOR_SIZE is redefined by fragment kernel/configs/ts_config.conf:
Previous value: # CONFIG_CC_OPTIMIZE_FOR_SIZE is not set
New value: CONFIG_CC_OPTIMIZE_FOR_SIZE=y

Value of CONFIG_NETFILTER_XT_TARGET_HL is redefined by fragment kernel/configs/ts_config.conf:
Previous value: # CONFIG_NETFILTER_XT_TARGET_HL is not set
New value: CONFIG_NETFILTER_XT_TARGET_HL=y

Value of CONFIG_IP_NF_TARGET_TTL is redefined by fragment kernel/configs/ts_config.conf:
Previous value: # CONFIG_IP_NF_TARGET_TTL is not set
New value: CONFIG_IP_NF_TARGET_TTL=y

Value of CONFIG_IP6_NF_MATCH_HL is redefined by fragment kernel/configs/ts_config.conf:
Previous value: # CONFIG_IP6_NF_MATCH_HL is not set
New value: CONFIG_IP6_NF_MATCH_HL=y

Value of CONFIG_IP6_NF_TARGET_HL is redefined by fragment kernel/configs/ts_config.conf:
Previous value: # CONFIG_IP6_NF_TARGET_HL is not set
New value: CONFIG_IP6_NF_TARGET_HL=y

Value of CONFIG_NET_UDP_TUNNEL is redefined by fragment kernel/configs/ts_config.conf:
Previous value: # CONFIG_NET_UDP_TUNNEL is not set
New value: CONFIG_NET_UDP_TUNNEL=y

Value of CONFIG_SEC_DEBUG_TSP_LOG is redefined by fragment kernel/configs/ts_config.conf:
Previous value: CONFIG_SEC_DEBUG_TSP_LOG=y
New value: # CONFIG_SEC_DEBUG_TSP_LOG is not set

Value of CONFIG_NETWORK_FILESYSTEMS is redefined by fragment kernel/configs/ts_config.conf:
Previous value: CONFIG_NETWORK_FILESYSTEMS=y
New value: CONFIG_NETWORK_FILESYSTEMS=y CONFIG_NETWORK_FILESYSTEMS=y

Value of CONFIG_CIFS is redefined by fragment kernel/configs/ts_config.conf:
Previous value: # CONFIG_CIFS is not set
New value: CONFIG_CIFS=y

Value of CONFIG_CRYPTO_CCM is redefined by fragment kernel/configs/ts_config.conf:
Previous value: # CONFIG_CRYPTO_CCM is not set
New value: CONFIG_CRYPTO_CCM=y

Value of CONFIG_CRYPTO_MD4 is redefined by fragment kernel/configs/ts_config.conf:
Previous value: # CONFIG_CRYPTO_MD4 is not set
New value: CONFIG_CRYPTO_MD4=y

Value of CONFIG_NTFS_DEBUG is redefined by fragment kernel/configs/ts_config.conf:
Previous value: CONFIG_NTFS_DEBUG=y
New value: # CONFIG_NTFS_DEBUG is not set

Value of CONFIG_NTFS_RW is redefined by fragment kernel/configs/ts_config.conf:
Previous value: # CONFIG_NTFS_RW is not set
New value: CONFIG_NTFS_RW=y

Value of CONFIG_F2FS_SEC_BLOCK_OPERATIONS_DEBUG is redefined by fragment kernel/configs/ts_config.conf:
Previous value: CONFIG_F2FS_SEC_BLOCK_OPERATIONS_DEBUG=y
New value: # CONFIG_F2FS_SEC_BLOCK_OPERATIONS_DEBUG is not set

Value of CONFIG_BLOCK_SUPPORT_STLOG is redefined by fragment kernel/configs/ts_config.conf:
Previous value: CONFIG_BLOCK_SUPPORT_STLOG=y
New value: # CONFIG_BLOCK_SUPPORT_STLOG is not set

Value of CONFIG_CFS_BANDWIDTH is redefined by fragment kernel/configs/ts_config.conf:
Previous value: CONFIG_CFS_BANDWIDTH=y
New value: # CONFIG_CFS_BANDWIDTH is not set

Value of CONFIG_WQ_POWER_EFFICIENT_DEFAULT is redefined by fragment kernel/configs/ts_config.conf:
Previous value: # CONFIG_WQ_POWER_EFFICIENT_DEFAULT is not set
New value: CONFIG_WQ_POWER_EFFICIENT_DEFAULT=y

Value of CONFIG_ARCH_HAS_HOLES_MEMORYMODEL is redefined by fragment kernel/configs/ts_config.conf:
Previous value: CONFIG_ARCH_HAS_HOLES_MEMORYMODEL=y
New value: # CONFIG_ARCH_HAS_HOLES_MEMORYMODEL is not set

Value of CONFIG_SPARSEMEM_MANUAL is redefined by fragment kernel/configs/ts_config.conf:
Previous value: CONFIG_SPARSEMEM_MANUAL=y
New value: # CONFIG_SPARSEMEM_MANUAL is not set # CONFIG_SPARSEMEM_MANUAL is not set

Value of CONFIG_SPARSEMEM is redefined by fragment kernel/configs/ts_config.conf:
Previous value: CONFIG_SPARSEMEM=y
New value: # CONFIG_SPARSEMEM is not set

Value of CONFIG_HAVE_MEMORY_PRESENT is redefined by fragment kernel/configs/ts_config.conf:
Previous value: CONFIG_HAVE_MEMORY_PRESENT=y
New value: # CONFIG_HAVE_MEMORY_PRESENT is not set

Value of CONFIG_SPARSEMEM_EXTREME is redefined by fragment kernel/configs/ts_config.conf:
Previous value: CONFIG_SPARSEMEM_EXTREME=y
New value: # CONFIG_SPARSEMEM_EXTREME is not set

Value of CONFIG_SPARSEMEM_VMEMMAP is redefined by fragment kernel/configs/ts_config.conf:
Previous value: CONFIG_SPARSEMEM_VMEMMAP=y
New value: # CONFIG_SPARSEMEM_VMEMMAP is not set

Value of CONFIG_HAVE_ARCH_KASAN is redefined by fragment kernel/configs/ts_config.conf:
Previous value: CONFIG_HAVE_ARCH_KASAN=y
New value: # CONFIG_HAVE_ARCH_KASAN is not set

Value of CONFIG_USB_SERIAL_CONSOLE is redefined by fragment kernel/configs/ts_config.conf:
Previous value: # CONFIG_USB_SERIAL_CONSOLE is not set
New value: CONFIG_USB_SERIAL_CONSOLE=y

Value of CONFIG_USB_SERIAL_GENERIC is redefined by fragment kernel/configs/ts_config.conf:
Previous value: # CONFIG_USB_SERIAL_GENERIC is not set
New value: CONFIG_USB_SERIAL_GENERIC=y

Value of CONFIG_USB_SERIAL_CP210X is redefined by fragment kernel/configs/ts_config.conf:
Previous value: # CONFIG_USB_SERIAL_CP210X is not set
New value: CONFIG_USB_SERIAL_CP210X=y

Value of CONFIG_VIRTUALIZATION is redefined by fragment kernel/configs/ts_config.conf:
Previous value: # CONFIG_VIRTUALIZATION is not set
New value: CONFIG_VIRTUALIZATION=y

Value of CONFIG_ARM64_VHE is redefined by fragment kernel/configs/ts_config.conf:
Previous value: # CONFIG_ARM64_VHE is not set
New value: CONFIG_ARM64_VHE=y

Value of CONFIG_PARAVIRT is redefined by fragment kernel/configs/ts_config.conf:
Previous value: # CONFIG_PARAVIRT is not set
New value: CONFIG_PARAVIRT=y

Value of CONFIG_VIRTIO_PCI is redefined by fragment kernel/configs/ts_config.conf:
Previous value: # CONFIG_VIRTIO_PCI is not set
New value: CONFIG_VIRTIO_PCI=y

Value of CONFIG_NET_9P is redefined by fragment kernel/configs/ts_config.conf:
Previous value: # CONFIG_NET_9P is not set
New value: CONFIG_NET_9P=y

Value of CONFIG_BRIDGE is redefined by fragment kernel/configs/ts_config.conf:
Previous value: # CONFIG_BRIDGE is not set
New value: CONFIG_BRIDGE=y

Value of CONFIG_NETFILTER_XT_MATCH_ADDRTYPE is redefined by fragment kernel/configs/ts_config.conf:
Previous value: # CONFIG_NETFILTER_XT_MATCH_ADDRTYPE is not set
New value: CONFIG_NETFILTER_XT_MATCH_ADDRTYPE=y

Value of CONFIG_BLK_CGROUP is redefined by fragment kernel/configs/ts_config.conf:
Previous value: # CONFIG_BLK_CGROUP is not set
New value: CONFIG_BLK_CGROUP=y

Value of CONFIG_CGROUP_PERF is redefined by fragment kernel/configs/ts_config.conf:
Previous value: # CONFIG_CGROUP_PERF is not set
New value: CONFIG_CGROUP_PERF=y

Value of CONFIG_CGROUP_NET_PRIO is redefined by fragment kernel/configs/ts_config.conf:
Previous value: # CONFIG_CGROUP_NET_PRIO is not set
New value: CONFIG_CGROUP_NET_PRIO=y

Value of CONFIG_IP_VS is redefined by fragment kernel/configs/ts_config.conf:
Previous value: # CONFIG_IP_VS is not set
New value: CONFIG_IP_VS=y

Value of CONFIG_SECURITY_APPARMOR is redefined by fragment kernel/configs/ts_config.conf:
Previous value: # CONFIG_SECURITY_APPARMOR is not set
New value: CONFIG_SECURITY_APPARMOR=y

Value of CONFIG_EXT3_FS_POSIX_ACL is redefined by fragment kernel/configs/ts_config.conf:
Previous value: # CONFIG_EXT3_FS_POSIX_ACL is not set
New value: CONFIG_EXT3_FS_POSIX_ACL=y

Value of CONFIG_VXLAN is redefined by fragment kernel/configs/ts_config.conf:
Previous value: # CONFIG_VXLAN is not set
New value: CONFIG_VXLAN=y

Value of CONFIG_MACVLAN is redefined by fragment kernel/configs/ts_config.conf:
Previous value: # CONFIG_MACVLAN is not set
New value: CONFIG_MACVLAN=y

Value of CONFIG_DUMMY is redefined by fragment kernel/configs/ts_config.conf:
Previous value: # CONFIG_DUMMY is not set
New value: CONFIG_DUMMY=y

Value of CONFIG_OVERLAY_FS is redefined by fragment kernel/configs/ts_config.conf:
Previous value: # CONFIG_OVERLAY_FS is not set
New value: CONFIG_OVERLAY_FS=y

Merging kernel/configs/ts+magisk.conf
Merging kernel/configs/ts+dtb.conf
/bin/sh: 1: ./scripts/fetch-latest-wireguard.sh: Permission denied
/bin/sh: 1: ./scripts/fetch-latest-wireguard.sh: Permission denied
/bin/sh: 1: ./scripts/fetch-latest-wireguard.sh: Permission denied
scripts/kconfig/conf  --alldefconfig Kconfig
drivers/gpu/arm/bv_r33p0/Kconfig:374:warning: ignoring type redefinition of 'MALI_ARBITRATION' from 'boolean' to 'tristate'
./.tmp.config.NgEdT9lw5l:6386:warning: override: MALI_DDK_VALHALL_R36P0 changes choice state
./.tmp.config.NgEdT9lw5l:6450:warning: override: reassigning to symbol CPU_FREQ_GOV_PERFORMANCE
./.tmp.config.NgEdT9lw5l:6469:warning: override: reassigning to symbol CPU_FREQ_GOV_ALUCARDSCHED
./.tmp.config.NgEdT9lw5l:6534:warning: override: reassigning to symbol PGTABLE_MAPPING
./.tmp.config.NgEdT9lw5l:6566:warning: override: reassigning to symbol KPERFMON
./.tmp.config.NgEdT9lw5l:6612:warning: override: reassigning to symbol SPARSEMEM_MANUAL
./.tmp.config.NgEdT9lw5l:6674:warning: override: reassigning to symbol NETWORK_FILESYSTEMS
#
# configuration written to .config
#
Value requested for CONFIG_CGROUP_DEBUG not in final .config
Requested value:  CONFIG_CGROUP_DEBUG=y
## CONFIG_CGROUP_DEBUG is not set
Actual value:     CONFIG_CGROUP_DEBUG=y

Value requested for CONFIG_SLABINFO not in final .config
Requested value:  CONFIG_SLABINFO=y
Actual value:     

Value requested for CONFIG_MQ_IOSCHED_DEADLINE not in final .config
Requested value:  CONFIG_MQ_IOSCHED_DEADLINE=y
CONFIG_MQ_IOSCHED_DEADLINE =y
Actual value:     CONFIG_MQ_IOSCHED_DEADLINE=y

Value requested for CONFIG_UH_DEBUG not in final .config
Requested value:  # CONFIG_UH_DEBUG is not set
Actual value:     

Value requested for CONFIG_UH_RKP not in final .config
Requested value:  CONFIG_UH_RKP=y
Actual value:     

Value requested for CONFIG_RKP_KDP not in final .config
Requested value:  CONFIG_RKP_KDP=y
Actual value:     

Value requested for CONFIG_RKP_NS_PROT not in final .config
Requested value:  CONFIG_RKP_NS_PROT=y
Actual value:     

Value requested for CONFIG_RKP_DMAP_PROT not in final .config
Requested value:  CONFIG_RKP_DMAP_PROT=y
Actual value:     

Value requested for CONFIG_UH_RKP_FIMC_CHECK not in final .config
Requested value:  # CONFIG_UH_RKP_FIMC_CHECK is not set
Actual value:     

Value requested for CONFIG_RKP_CFP_JOPP_MAGIC not in final .config
Requested value:  CONFIG_RKP_CFP_JOPP_MAGIC=0x00be7bad
Actual value:     

Value requested for CONFIG_RKP_CFP_TEST not in final .config
Requested value:  # CONFIG_RKP_CFP_TEST is not set
Actual value:     

Value requested for CONFIG_PM_ADVANCED_DEBUG not in final .config
Requested value:  # CONFIG_PM_ADVANCED_DEBUG is not set
Actual value:     

Value requested for CONFIG_PM_TEST_SUSPEND not in final .config
Requested value:  # CONFIG_PM_TEST_SUSPEND is not set
Actual value:     

Value requested for CONFIG_DPM_WATCHDOG not in final .config
Requested value:  # CONFIG_DPM_WATCHDOG is not set
Actual value:     

Value requested for CONFIG_TCP_CONG_LIA not in final .config
Requested value:  CONFIG_TCP_CONG_LIA=y
Actual value:     

Value requested for CONFIG_TCP_CONG_OLIA not in final .config
Requested value:  CONFIG_TCP_CONG_OLIA=y
Actual value:     

Value requested for CONFIG_TCP_CONG_WVEGAS not in final .config
Requested value:  CONFIG_TCP_CONG_WVEGAS=y
Actual value:     

Value requested for CONFIG_TCP_CONG_BALIA not in final .config
Requested value:  # CONFIG_TCP_CONG_BALIA is not set
Actual value:     

Value requested for CONFIG_DEFAULT_LIA not in final .config
Requested value:  # CONFIG_DEFAULT_LIA is not set
Actual value:     

Value requested for CONFIG_DEFAULT_OLIA not in final .config
Requested value:  # CONFIG_DEFAULT_OLIA is not set
Actual value:     

Value requested for CONFIG_DEFAULT_WVEGAS not in final .config
Requested value:  # CONFIG_DEFAULT_WVEGAS is not set
Actual value:     

